Sat Sep 22 2018 23:56:35 GMT+0200 (GMT+02:00): GET /favicon.ico
Sat Sep 22 2018 23:56:37 GMT+0200 (GMT+02:00): GET /react
Sat Sep 22 2018 23:56:37 GMT+0200 (GMT+02:00): GET /favicon.ico
Sat Sep 22 2018 23:56:37 GMT+0200 (GMT+02:00): GET /favicon.ico
Sat Sep 22 2018 23:56:37 GMT+0200 (GMT+02:00): GET /favicon.ico
Sat Sep 22 2018 23:56:37 GMT+0200 (GMT+02:00): GET /favicon.ico
Sat Sep 22 2018 23:56:37 GMT+0200 (GMT+02:00): GET /favicon.ico
Sat Sep 22 2018 23:56:42 GMT+0200 (GMT+02:00): GET /favicon.ico
Sat Sep 22 2018 23:57:08 GMT+0200 (GMT+02:00): GET /favicon.ico
Sat Sep 22 2018 23:57:08 GMT+0200 (GMT+02:00): GET /
Sat Sep 22 2018 23:57:09 GMT+0200 (GMT+02:00): GET /favicon.ico
Sat Sep 22 2018 23:57:14 GMT+0200 (GMT+02:00): GET /favicon.ico
Sat Sep 22 2018 23:58:08 GMT+0200 (GMT+02:00): GET /
Sat Sep 22 2018 23:58:08 GMT+0200 (GMT+02:00): GET /favicon.ico
Sat Sep 22 2018 23:58:08 GMT+0200 (GMT+02:00): GET /favicon.ico
Sat Sep 22 2018 23:58:08 GMT+0200 (GMT+02:00): GET /favicon.ico
Sat Sep 22 2018 23:58:08 GMT+0200 (GMT+02:00): GET /favicon.ico
Sat Sep 22 2018 23:58:08 GMT+0200 (GMT+02:00): GET /favicon.ico
Sat Sep 22 2018 23:58:11 GMT+0200 (GMT+02:00): GET /
Sat Sep 22 2018 23:58:11 GMT+0200 (GMT+02:00): GET /favicon.ico
Sat Sep 22 2018 23:58:12 GMT+0200 (GMT+02:00): GET /favicon.ico
Sat Sep 22 2018 23:58:13 GMT+0200 (GMT+02:00): GET /favicon.ico
Sat Sep 22 2018 23:58:58 GMT+0200 (GMT+02:00): GET /
Sat Sep 22 2018 23:58:58 GMT+0200 (GMT+02:00): GET /favicon.ico
Sat Sep 22 2018 23:58:58 GMT+0200 (GMT+02:00): GET /favicon.ico
Sat Sep 22 2018 23:58:58 GMT+0200 (GMT+02:00): GET /favicon.ico
Sat Sep 22 2018 23:58:58 GMT+0200 (GMT+02:00): GET /favicon.ico
Sat Sep 22 2018 23:59:03 GMT+0200 (GMT+02:00): GET /favicon.ico
Sat Sep 22 2018 23:59:56 GMT+0200 (GMT+02:00): GET /
Sat Sep 22 2018 23:59:56 GMT+0200 (GMT+02:00): GET /favicon.ico
Sat Sep 22 2018 23:59:56 GMT+0200 (GMT+02:00): GET /favicon.ico
Sat Sep 22 2018 23:59:56 GMT+0200 (GMT+02:00): GET /favicon.ico
Sat Sep 22 2018 23:59:56 GMT+0200 (GMT+02:00): GET /favicon.ico
Sun Sep 23 2018 00:00:01 GMT+0200 (GMT+02:00): GET /favicon.ico
Sun Sep 23 2018 00:02:23 GMT+0200 (GMT+02:00): GET /
Sun Sep 23 2018 00:02:23 GMT+0200 (GMT+02:00): GET /favicon.ico
Sun Sep 23 2018 00:02:23 GMT+0200 (GMT+02:00): GET /favicon.ico
Sun Sep 23 2018 00:02:23 GMT+0200 (GMT+02:00): GET /favicon.ico
Sun Sep 23 2018 00:02:23 GMT+0200 (GMT+02:00): GET /favicon.ico
Sun Sep 23 2018 00:02:28 GMT+0200 (GMT+02:00): GET /favicon.ico
Sun Sep 23 2018 00:04:35 GMT+0200 (GMT+02:00): GET /
Sun Sep 23 2018 00:04:35 GMT+0200 (GMT+02:00): GET /favicon.ico
Sun Sep 23 2018 00:04:35 GMT+0200 (GMT+02:00): GET /favicon.ico
Sun Sep 23 2018 00:04:35 GMT+0200 (GMT+02:00): GET /favicon.ico
Sun Sep 23 2018 00:04:35 GMT+0200 (GMT+02:00): GET /favicon.ico
Sun Sep 23 2018 00:04:40 GMT+0200 (GMT+02:00): GET /favicon.ico
Sun Sep 23 2018 00:07:05 GMT+0200 (GMT+02:00): GET /favicon.ico
Sun Sep 23 2018 00:12:19 GMT+0200 (GMT+02:00): GET /favicon.ico
Sun Sep 23 2018 00:12:20 GMT+0200 (GMT+02:00): GET /
Sun Sep 23 2018 00:12:20 GMT+0200 (GMT+02:00): GET /favicon.ico
Sun Sep 23 2018 00:12:20 GMT+0200 (GMT+02:00): GET /favicon.ico
Sun Sep 23 2018 00:12:20 GMT+0200 (GMT+02:00): GET /favicon.ico
Sun Sep 23 2018 00:12:20 GMT+0200 (GMT+02:00): GET /favicon.ico
Sun Sep 23 2018 00:12:25 GMT+0200 (GMT+02:00): GET /favicon.ico
Sun Sep 23 2018 00:16:15 GMT+0200 (GMT+02:00): GET /favicon.ico
Sun Sep 23 2018 00:16:16 GMT+0200 (GMT+02:00): GET /
Sun Sep 23 2018 00:16:16 GMT+0200 (GMT+02:00): GET /favicon.ico
Sun Sep 23 2018 00:16:16 GMT+0200 (GMT+02:00): GET /favicon.ico
Sun Sep 23 2018 00:16:16 GMT+0200 (GMT+02:00): GET /favicon.ico
Sun Sep 23 2018 00:16:17 GMT+0200 (GMT+02:00): GET /favicon.ico
Sun Sep 23 2018 00:16:21 GMT+0200 (GMT+02:00): GET /favicon.ico
Sun Sep 23 2018 00:16:35 GMT+0200 (GMT+02:00): GET /react
Sun Sep 23 2018 00:16:35 GMT+0200 (GMT+02:00): GET /favicon.ico
Sun Sep 23 2018 00:16:35 GMT+0200 (GMT+02:00): GET /js/app.js
Sun Sep 23 2018 00:16:35 GMT+0200 (GMT+02:00): GET /favicon.ico
Sun Sep 23 2018 00:16:35 GMT+0200 (GMT+02:00): GET /js/app.js
Sun Sep 23 2018 00:16:35 GMT+0200 (GMT+02:00): GET /favicon.ico
Sun Sep 23 2018 00:16:35 GMT+0200 (GMT+02:00): GET /favicon.ico
Sun Sep 23 2018 00:16:40 GMT+0200 (GMT+02:00): GET /favicon.ico
Sun Sep 23 2018 00:16:58 GMT+0200 (GMT+02:00): GET /js/app.js
Sun Sep 23 2018 00:16:58 GMT+0200 (GMT+02:00): GET /favicon.ico
Sun Sep 23 2018 00:16:58 GMT+0200 (GMT+02:00): GET /js/app.js
Sun Sep 23 2018 00:16:59 GMT+0200 (GMT+02:00): GET /favicon.ico
Sun Sep 23 2018 00:16:59 GMT+0200 (GMT+02:00): GET /favicon.ico
Sun Sep 23 2018 00:16:59 GMT+0200 (GMT+02:00): GET /favicon.ico
Sun Sep 23 2018 00:16:59 GMT+0200 (GMT+02:00): GET /favicon.ico
Sun Sep 23 2018 00:17:02 GMT+0200 (GMT+02:00): GET /favicon.ico
Sun Sep 23 2018 00:17:02 GMT+0200 (GMT+02:00): GET /favicon.ico
Sun Sep 23 2018 00:17:02 GMT+0200 (GMT+02:00): GET /favicon.ico
Sun Sep 23 2018 00:17:04 GMT+0200 (GMT+02:00): GET /favicon.ico
Sun Sep 23 2018 00:17:04 GMT+0200 (GMT+02:00): GET /favicon.ico
Sun Sep 23 2018 00:17:06 GMT+0200 (GMT+02:00): GET /favicon.ico
Sun Sep 23 2018 00:17:12 GMT+0200 (GMT+02:00): GET /
Sun Sep 23 2018 00:17:12 GMT+0200 (GMT+02:00): GET /favicon.ico
Sun Sep 23 2018 00:17:12 GMT+0200 (GMT+02:00): GET /favicon.ico
Sun Sep 23 2018 00:17:12 GMT+0200 (GMT+02:00): GET /favicon.ico
Sun Sep 23 2018 00:17:12 GMT+0200 (GMT+02:00): GET /favicon.ico
Sun Sep 23 2018 00:17:14 GMT+0200 (GMT+02:00): GET /
Sun Sep 23 2018 00:17:15 GMT+0200 (GMT+02:00): GET /favicon.ico
Sun Sep 23 2018 00:17:15 GMT+0200 (GMT+02:00): GET /favicon.ico
Sun Sep 23 2018 00:17:15 GMT+0200 (GMT+02:00): GET /favicon.ico
Sun Sep 23 2018 00:17:15 GMT+0200 (GMT+02:00): GET /favicon.ico
Sun Sep 23 2018 00:17:15 GMT+0200 (GMT+02:00): GET /about
Sun Sep 23 2018 00:17:15 GMT+0200 (GMT+02:00): GET /favicon.ico
Sun Sep 23 2018 00:17:16 GMT+0200 (GMT+02:00): GET /favicon.ico
Sun Sep 23 2018 00:17:16 GMT+0200 (GMT+02:00): GET /favicon.ico
Sun Sep 23 2018 00:17:16 GMT+0200 (GMT+02:00): GET /favicon.ico
Sun Sep 23 2018 00:17:17 GMT+0200 (GMT+02:00): GET /favicon.ico
Sun Sep 23 2018 00:17:19 GMT+0200 (GMT+02:00): GET /react
Sun Sep 23 2018 00:17:19 GMT+0200 (GMT+02:00): GET /favicon.ico
Sun Sep 23 2018 00:17:19 GMT+0200 (GMT+02:00): GET /js/app.js
Sun Sep 23 2018 00:17:19 GMT+0200 (GMT+02:00): GET /favicon.ico
Sun Sep 23 2018 00:17:19 GMT+0200 (GMT+02:00): GET /js/app.js
Sun Sep 23 2018 00:17:19 GMT+0200 (GMT+02:00): GET /favicon.ico
Sun Sep 23 2018 00:17:19 GMT+0200 (GMT+02:00): GET /favicon.ico
Sun Sep 23 2018 00:17:20 GMT+0200 (GMT+02:00): GET /favicon.ico
Sun Sep 23 2018 00:17:21 GMT+0200 (GMT+02:00): GET /favicon.ico
Sun Sep 23 2018 00:17:24 GMT+0200 (GMT+02:00): GET /favicon.ico
Sun Sep 23 2018 00:17:58 GMT+0200 (GMT+02:00): GET /react
Sun Sep 23 2018 00:17:59 GMT+0200 (GMT+02:00): GET /favicon.ico
Sun Sep 23 2018 00:17:59 GMT+0200 (GMT+02:00): GET /favicon.ico
Sun Sep 23 2018 00:17:59 GMT+0200 (GMT+02:00): GET /favicon.ico
Sun Sep 23 2018 00:17:59 GMT+0200 (GMT+02:00): GET /favicon.ico
Sun Sep 23 2018 00:18:04 GMT+0200 (GMT+02:00): GET /favicon.ico
Sun Sep 23 2018 00:18:05 GMT+0200 (GMT+02:00): GET /favicon.ico
Sun Sep 23 2018 00:18:05 GMT+0200 (GMT+02:00): GET /
Sun Sep 23 2018 00:18:05 GMT+0200 (GMT+02:00): GET /favicon.ico
Sun Sep 23 2018 00:18:05 GMT+0200 (GMT+02:00): GET /favicon.ico
Sun Sep 23 2018 00:18:10 GMT+0200 (GMT+02:00): GET /favicon.ico
Sun Sep 23 2018 00:18:49 GMT+0200 (GMT+02:00): GET /
Sun Sep 23 2018 00:18:49 GMT+0200 (GMT+02:00): GET /favicon.ico
Sun Sep 23 2018 00:18:49 GMT+0200 (GMT+02:00): GET /favicon.ico
Sun Sep 23 2018 00:18:49 GMT+0200 (GMT+02:00): GET /favicon.ico
Sun Sep 23 2018 00:18:49 GMT+0200 (GMT+02:00): GET /favicon.ico
Sun Sep 23 2018 00:18:49 GMT+0200 (GMT+02:00): GET /favicon.ico
Sun Sep 23 2018 00:18:54 GMT+0200 (GMT+02:00): GET /favicon.ico
Sun Sep 23 2018 00:19:11 GMT+0200 (GMT+02:00): GET /
Sun Sep 23 2018 00:19:11 GMT+0200 (GMT+02:00): GET /favicon.ico
Sun Sep 23 2018 00:19:11 GMT+0200 (GMT+02:00): GET /favicon.ico
Sun Sep 23 2018 00:19:11 GMT+0200 (GMT+02:00): GET /favicon.ico
Sun Sep 23 2018 00:19:11 GMT+0200 (GMT+02:00): GET /favicon.ico
Sun Sep 23 2018 00:19:16 GMT+0200 (GMT+02:00): GET /favicon.ico
Sun Sep 23 2018 00:19:32 GMT+0200 (GMT+02:00): GET /
Sun Sep 23 2018 00:19:32 GMT+0200 (GMT+02:00): GET /favicon.ico
Sun Sep 23 2018 00:19:32 GMT+0200 (GMT+02:00): GET /favicon.ico
Sun Sep 23 2018 00:19:32 GMT+0200 (GMT+02:00): GET /favicon.ico
Sun Sep 23 2018 00:19:32 GMT+0200 (GMT+02:00): GET /favicon.ico
Sun Sep 23 2018 00:19:37 GMT+0200 (GMT+02:00): GET /favicon.ico
Sun Sep 23 2018 00:19:49 GMT+0200 (GMT+02:00): GET /
Sun Sep 23 2018 00:19:49 GMT+0200 (GMT+02:00): GET /favicon.ico
Sun Sep 23 2018 00:19:49 GMT+0200 (GMT+02:00): GET /favicon.ico
Sun Sep 23 2018 00:19:49 GMT+0200 (GMT+02:00): GET /favicon.ico
Sun Sep 23 2018 00:19:49 GMT+0200 (GMT+02:00): GET /favicon.ico
Sun Sep 23 2018 00:19:49 GMT+0200 (GMT+02:00): GET /favicon.ico
Sun Sep 23 2018 00:19:54 GMT+0200 (GMT+02:00): GET /favicon.ico
Sun Sep 23 2018 00:19:55 GMT+0200 (GMT+02:00): GET /react
Sun Sep 23 2018 00:19:55 GMT+0200 (GMT+02:00): GET /favicon.ico
Sun Sep 23 2018 00:19:55 GMT+0200 (GMT+02:00): GET /js/app.js
Sun Sep 23 2018 00:19:55 GMT+0200 (GMT+02:00): GET /favicon.ico
Sun Sep 23 2018 00:19:55 GMT+0200 (GMT+02:00): GET /favicon.ico
Sun Sep 23 2018 00:19:55 GMT+0200 (GMT+02:00): GET /js/app.js
Sun Sep 23 2018 00:19:55 GMT+0200 (GMT+02:00): GET /favicon.ico
Sun Sep 23 2018 00:19:55 GMT+0200 (GMT+02:00): GET /favicon.ico
Sun Sep 23 2018 00:19:55 GMT+0200 (GMT+02:00): GET /favicon.ico
Sun Sep 23 2018 00:20:00 GMT+0200 (GMT+02:00): GET /favicon.ico
Sun Sep 23 2018 00:21:38 GMT+0200 (GMT+02:00): GET /react
Sun Sep 23 2018 00:21:38 GMT+0200 (GMT+02:00): GET /favicon.ico
Sun Sep 23 2018 00:21:38 GMT+0200 (GMT+02:00): GET /js/app.js
Sun Sep 23 2018 00:21:38 GMT+0200 (GMT+02:00): GET /favicon.ico
Sun Sep 23 2018 00:21:38 GMT+0200 (GMT+02:00): GET /favicon.ico
Sun Sep 23 2018 00:21:39 GMT+0200 (GMT+02:00): GET /favicon.ico
Sun Sep 23 2018 00:21:44 GMT+0200 (GMT+02:00): GET /favicon.ico
Sun Sep 23 2018 00:21:47 GMT+0200 (GMT+02:00): GET /react
Sun Sep 23 2018 00:21:47 GMT+0200 (GMT+02:00): GET /favicon.ico
Sun Sep 23 2018 00:21:47 GMT+0200 (GMT+02:00): GET /js/app.js
Sun Sep 23 2018 00:21:47 GMT+0200 (GMT+02:00): GET /favicon.ico
Sun Sep 23 2018 00:21:47 GMT+0200 (GMT+02:00): GET /favicon.ico
Sun Sep 23 2018 00:21:47 GMT+0200 (GMT+02:00): GET /favicon.ico
Sun Sep 23 2018 00:21:52 GMT+0200 (GMT+02:00): GET /favicon.ico
Sun Sep 23 2018 00:22:21 GMT+0200 (GMT+02:00): GET /
Sun Sep 23 2018 00:22:21 GMT+0200 (GMT+02:00): GET /favicon.ico
Sun Sep 23 2018 00:22:21 GMT+0200 (GMT+02:00): GET /favicon.ico
Sun Sep 23 2018 00:22:21 GMT+0200 (GMT+02:00): GET /favicon.ico
Sun Sep 23 2018 00:22:22 GMT+0200 (GMT+02:00): GET /favicon.ico
Sun Sep 23 2018 00:22:24 GMT+0200 (GMT+02:00): GET /about
Sun Sep 23 2018 00:22:24 GMT+0200 (GMT+02:00): GET /favicon.ico
Sun Sep 23 2018 00:22:24 GMT+0200 (GMT+02:00): GET /favicon.ico
Sun Sep 23 2018 00:22:24 GMT+0200 (GMT+02:00): GET /favicon.ico
Sun Sep 23 2018 00:22:24 GMT+0200 (GMT+02:00): GET /favicon.ico
Sun Sep 23 2018 00:22:24 GMT+0200 (GMT+02:00): GET /react
Sun Sep 23 2018 00:22:24 GMT+0200 (GMT+02:00): GET /favicon.ico
Sun Sep 23 2018 00:22:24 GMT+0200 (GMT+02:00): GET /js/app.js
Sun Sep 23 2018 00:22:25 GMT+0200 (GMT+02:00): GET /favicon.ico
Sun Sep 23 2018 00:22:25 GMT+0200 (GMT+02:00): GET /js/app.js
Sun Sep 23 2018 00:22:25 GMT+0200 (GMT+02:00): GET /favicon.ico
Sun Sep 23 2018 00:22:25 GMT+0200 (GMT+02:00): GET /favicon.ico
Sun Sep 23 2018 00:22:27 GMT+0200 (GMT+02:00): GET /favicon.ico
Sun Sep 23 2018 00:22:29 GMT+0200 (GMT+02:00): GET /favicon.ico
Sun Sep 23 2018 00:22:30 GMT+0200 (GMT+02:00): GET /favicon.ico
Sun Sep 23 2018 00:23:06 GMT+0200 (GMT+02:00): GET /react
Sun Sep 23 2018 00:23:06 GMT+0200 (GMT+02:00): GET /favicon.ico
Sun Sep 23 2018 00:23:06 GMT+0200 (GMT+02:00): GET /node/web-server/public/js/test.js
Sun Sep 23 2018 00:23:06 GMT+0200 (GMT+02:00): GET /favicon.ico
Sun Sep 23 2018 00:23:06 GMT+0200 (GMT+02:00): GET /favicon.ico
Sun Sep 23 2018 00:23:06 GMT+0200 (GMT+02:00): GET /favicon.ico
Sun Sep 23 2018 00:23:06 GMT+0200 (GMT+02:00): GET /favicon.ico
Sun Sep 23 2018 00:23:11 GMT+0200 (GMT+02:00): GET /favicon.ico
Sun Sep 23 2018 00:24:35 GMT+0200 (GMT+02:00): GET /react
Sun Sep 23 2018 00:24:36 GMT+0200 (GMT+02:00): GET /favicon.ico
Sun Sep 23 2018 00:24:36 GMT+0200 (GMT+02:00): GET /web-server/public/js/test.js
Sun Sep 23 2018 00:24:36 GMT+0200 (GMT+02:00): GET /favicon.ico
Sun Sep 23 2018 00:24:36 GMT+0200 (GMT+02:00): GET /favicon.ico
Sun Sep 23 2018 00:24:36 GMT+0200 (GMT+02:00): GET /favicon.ico
Sun Sep 23 2018 00:24:36 GMT+0200 (GMT+02:00): GET /favicon.ico
Sun Sep 23 2018 00:24:41 GMT+0200 (GMT+02:00): GET /favicon.ico
Sun Sep 23 2018 00:25:03 GMT+0200 (GMT+02:00): GET /react
Sun Sep 23 2018 00:25:03 GMT+0200 (GMT+02:00): GET /favicon.ico
Sun Sep 23 2018 00:25:03 GMT+0200 (GMT+02:00): GET /js/test.js
Sun Sep 23 2018 00:25:03 GMT+0200 (GMT+02:00): GET /favicon.ico
Sun Sep 23 2018 00:25:03 GMT+0200 (GMT+02:00): GET /favicon.ico
Sun Sep 23 2018 00:25:03 GMT+0200 (GMT+02:00): GET /favicon.ico
Sun Sep 23 2018 00:25:08 GMT+0200 (GMT+02:00): GET /favicon.ico
Sun Sep 23 2018 00:25:11 GMT+0200 (GMT+02:00): GET /react
Sun Sep 23 2018 00:25:11 GMT+0200 (GMT+02:00): GET /favicon.ico
Sun Sep 23 2018 00:25:11 GMT+0200 (GMT+02:00): GET /js/test.js
Sun Sep 23 2018 00:25:11 GMT+0200 (GMT+02:00): GET /favicon.ico
Sun Sep 23 2018 00:25:11 GMT+0200 (GMT+02:00): GET /favicon.ico
Sun Sep 23 2018 00:25:11 GMT+0200 (GMT+02:00): GET /favicon.ico
Sun Sep 23 2018 00:25:16 GMT+0200 (GMT+02:00): GET /favicon.ico
Sun Sep 23 2018 00:25:37 GMT+0200 (GMT+02:00): GET /react
Sun Sep 23 2018 00:25:37 GMT+0200 (GMT+02:00): GET /favicon.ico
Sun Sep 23 2018 00:25:37 GMT+0200 (GMT+02:00): GET /js/test.js
Sun Sep 23 2018 00:25:37 GMT+0200 (GMT+02:00): GET /favicon.ico
Sun Sep 23 2018 00:25:37 GMT+0200 (GMT+02:00): GET /favicon.ico
Sun Sep 23 2018 00:25:37 GMT+0200 (GMT+02:00): GET /favicon.ico
Sun Sep 23 2018 00:25:37 GMT+0200 (GMT+02:00): GET /favicon.ico
Sun Sep 23 2018 00:25:42 GMT+0200 (GMT+02:00): GET /favicon.ico
Sun Sep 23 2018 00:26:23 GMT+0200 (GMT+02:00): GET /react
Sun Sep 23 2018 00:26:23 GMT+0200 (GMT+02:00): GET /favicon.ico
Sun Sep 23 2018 00:26:24 GMT+0200 (GMT+02:00): GET /js/app.js
Sun Sep 23 2018 00:26:24 GMT+0200 (GMT+02:00): GET /favicon.ico
Sun Sep 23 2018 00:26:24 GMT+0200 (GMT+02:00): GET /favicon.ico
Sun Sep 23 2018 00:26:24 GMT+0200 (GMT+02:00): GET /favicon.ico
Sun Sep 23 2018 00:26:24 GMT+0200 (GMT+02:00): GET /favicon.ico
Sun Sep 23 2018 00:26:29 GMT+0200 (GMT+02:00): GET /favicon.ico
Sun Sep 23 2018 00:26:55 GMT+0200 (GMT+02:00): GET /react
Sun Sep 23 2018 00:26:55 GMT+0200 (GMT+02:00): GET /favicon.ico
Sun Sep 23 2018 00:26:55 GMT+0200 (GMT+02:00): GET /public/js/app.js
Sun Sep 23 2018 00:26:55 GMT+0200 (GMT+02:00): GET /favicon.ico
Sun Sep 23 2018 00:26:55 GMT+0200 (GMT+02:00): GET /favicon.ico
Sun Sep 23 2018 00:26:55 GMT+0200 (GMT+02:00): GET /favicon.ico
Sun Sep 23 2018 00:26:55 GMT+0200 (GMT+02:00): GET /favicon.ico
Sun Sep 23 2018 00:27:00 GMT+0200 (GMT+02:00): GET /favicon.ico
Sun Sep 23 2018 00:27:25 GMT+0200 (GMT+02:00): GET /react
Sun Sep 23 2018 00:27:25 GMT+0200 (GMT+02:00): GET /favicon.ico
Sun Sep 23 2018 00:27:25 GMT+0200 (GMT+02:00): GET /web-server/public/js/app.js
Sun Sep 23 2018 00:27:25 GMT+0200 (GMT+02:00): GET /favicon.ico
Sun Sep 23 2018 00:27:25 GMT+0200 (GMT+02:00): GET /favicon.ico
Sun Sep 23 2018 00:27:25 GMT+0200 (GMT+02:00): GET /favicon.ico
Sun Sep 23 2018 00:27:25 GMT+0200 (GMT+02:00): GET /favicon.ico
Sun Sep 23 2018 00:27:30 GMT+0200 (GMT+02:00): GET /favicon.ico
Sun Sep 23 2018 00:27:47 GMT+0200 (GMT+02:00): GET /react
Sun Sep 23 2018 00:27:47 GMT+0200 (GMT+02:00): GET /favicon.ico
Sun Sep 23 2018 00:27:47 GMT+0200 (GMT+02:00): GET /node/web-server/public/js/app.js
Sun Sep 23 2018 00:27:47 GMT+0200 (GMT+02:00): GET /favicon.ico
Sun Sep 23 2018 00:27:47 GMT+0200 (GMT+02:00): GET /favicon.ico
Sun Sep 23 2018 00:27:47 GMT+0200 (GMT+02:00): GET /favicon.ico
Sun Sep 23 2018 00:27:47 GMT+0200 (GMT+02:00): GET /favicon.ico
Sun Sep 23 2018 00:27:52 GMT+0200 (GMT+02:00): GET /favicon.ico
Sun Sep 23 2018 00:28:05 GMT+0200 (GMT+02:00): GET /react
Sun Sep 23 2018 00:28:05 GMT+0200 (GMT+02:00): GET /favicon.ico
Sun Sep 23 2018 00:28:05 GMT+0200 (GMT+02:00): GET /node/web-server/public/js/app.js
Sun Sep 23 2018 00:28:05 GMT+0200 (GMT+02:00): GET /favicon.ico
Sun Sep 23 2018 00:28:05 GMT+0200 (GMT+02:00): GET /favicon.ico
Sun Sep 23 2018 00:28:05 GMT+0200 (GMT+02:00): GET /favicon.ico
Sun Sep 23 2018 00:28:05 GMT+0200 (GMT+02:00): GET /favicon.ico
Sun Sep 23 2018 00:28:10 GMT+0200 (GMT+02:00): GET /favicon.ico
Sun Sep 23 2018 00:28:41 GMT+0200 (GMT+02:00): GET /react
Sun Sep 23 2018 00:28:41 GMT+0200 (GMT+02:00): GET /favicon.ico
Sun Sep 23 2018 00:28:41 GMT+0200 (GMT+02:00): GET /js/app.js
Sun Sep 23 2018 00:28:41 GMT+0200 (GMT+02:00): GET /favicon.ico
Sun Sep 23 2018 00:28:41 GMT+0200 (GMT+02:00): GET /favicon.ico
Sun Sep 23 2018 00:28:41 GMT+0200 (GMT+02:00): GET /favicon.ico
Sun Sep 23 2018 00:28:42 GMT+0200 (GMT+02:00): GET /favicon.ico
Sun Sep 23 2018 00:28:46 GMT+0200 (GMT+02:00): GET /favicon.ico
Sun Sep 23 2018 00:29:02 GMT+0200 (GMT+02:00): GET /react
Sun Sep 23 2018 00:29:02 GMT+0200 (GMT+02:00): GET /favicon.ico
Sun Sep 23 2018 00:29:02 GMT+0200 (GMT+02:00): GET /js/app.js
Sun Sep 23 2018 00:29:02 GMT+0200 (GMT+02:00): GET /favicon.ico
Sun Sep 23 2018 00:29:03 GMT+0200 (GMT+02:00): GET /favicon.ico
Sun Sep 23 2018 00:29:03 GMT+0200 (GMT+02:00): GET /favicon.ico
Sun Sep 23 2018 00:29:03 GMT+0200 (GMT+02:00): GET /favicon.ico
Sun Sep 23 2018 00:29:08 GMT+0200 (GMT+02:00): GET /favicon.ico
Sun Sep 23 2018 00:31:13 GMT+0200 (GMT+02:00): GET /react
Sun Sep 23 2018 00:31:13 GMT+0200 (GMT+02:00): GET /favicon.ico
Sun Sep 23 2018 00:31:13 GMT+0200 (GMT+02:00): GET /js/app.js
Sun Sep 23 2018 00:31:13 GMT+0200 (GMT+02:00): GET /favicon.ico
Sun Sep 23 2018 00:31:13 GMT+0200 (GMT+02:00): GET /favicon.ico
Sun Sep 23 2018 00:31:13 GMT+0200 (GMT+02:00): GET /favicon.ico
Sun Sep 23 2018 00:31:13 GMT+0200 (GMT+02:00): GET /favicon.ico
Sun Sep 23 2018 00:31:18 GMT+0200 (GMT+02:00): GET /favicon.ico
Sun Sep 23 2018 00:31:18 GMT+0200 (GMT+02:00): GET /favicon.ico
Sun Sep 23 2018 00:31:18 GMT+0200 (GMT+02:00): GET /
Sun Sep 23 2018 00:31:18 GMT+0200 (GMT+02:00): GET /favicon.ico
Sun Sep 23 2018 00:31:18 GMT+0200 (GMT+02:00): GET /favicon.ico
Sun Sep 23 2018 00:31:18 GMT+0200 (GMT+02:00): GET /favicon.ico
Sun Sep 23 2018 00:31:20 GMT+0200 (GMT+02:00): GET /about
Sun Sep 23 2018 00:31:20 GMT+0200 (GMT+02:00): GET /favicon.ico
Sun Sep 23 2018 00:31:20 GMT+0200 (GMT+02:00): GET /favicon.ico
Sun Sep 23 2018 00:31:20 GMT+0200 (GMT+02:00): GET /favicon.ico
Sun Sep 23 2018 00:31:20 GMT+0200 (GMT+02:00): GET /favicon.ico
Sun Sep 23 2018 00:31:21 GMT+0200 (GMT+02:00): GET /
Sun Sep 23 2018 00:31:21 GMT+0200 (GMT+02:00): GET /favicon.ico
Sun Sep 23 2018 00:31:21 GMT+0200 (GMT+02:00): GET /favicon.ico
Sun Sep 23 2018 00:31:21 GMT+0200 (GMT+02:00): GET /favicon.ico
Sun Sep 23 2018 00:31:21 GMT+0200 (GMT+02:00): GET /favicon.ico
Sun Sep 23 2018 00:31:23 GMT+0200 (GMT+02:00): GET /react
Sun Sep 23 2018 00:31:23 GMT+0200 (GMT+02:00): GET /favicon.ico
Sun Sep 23 2018 00:31:23 GMT+0200 (GMT+02:00): GET /js/app.js
Sun Sep 23 2018 00:31:23 GMT+0200 (GMT+02:00): GET /favicon.ico
Sun Sep 23 2018 00:31:24 GMT+0200 (GMT+02:00): GET /js/app.js
Sun Sep 23 2018 00:31:24 GMT+0200 (GMT+02:00): GET /favicon.ico
Sun Sep 23 2018 00:31:24 GMT+0200 (GMT+02:00): GET /favicon.ico
Sun Sep 23 2018 00:31:24 GMT+0200 (GMT+02:00): GET /favicon.ico
Sun Sep 23 2018 00:31:25 GMT+0200 (GMT+02:00): GET /favicon.ico
Sun Sep 23 2018 00:31:26 GMT+0200 (GMT+02:00): GET /favicon.ico
Sun Sep 23 2018 00:31:29 GMT+0200 (GMT+02:00): GET /favicon.ico
Sun Sep 23 2018 00:32:03 GMT+0200 (GMT+02:00): GET /react
Sun Sep 23 2018 00:32:03 GMT+0200 (GMT+02:00): GET /favicon.ico
Sun Sep 23 2018 00:32:03 GMT+0200 (GMT+02:00): GET /app.js
Sun Sep 23 2018 00:32:03 GMT+0200 (GMT+02:00): GET /favicon.ico
Sun Sep 23 2018 00:32:03 GMT+0200 (GMT+02:00): GET /favicon.ico
Sun Sep 23 2018 00:32:03 GMT+0200 (GMT+02:00): GET /favicon.ico
Sun Sep 23 2018 00:32:03 GMT+0200 (GMT+02:00): GET /favicon.ico
Sun Sep 23 2018 00:32:08 GMT+0200 (GMT+02:00): GET /favicon.ico
Sun Sep 23 2018 00:32:49 GMT+0200 (GMT+02:00): GET /react
Sun Sep 23 2018 00:32:49 GMT+0200 (GMT+02:00): GET /favicon.ico
Sun Sep 23 2018 00:32:49 GMT+0200 (GMT+02:00): GET /app.js
Sun Sep 23 2018 00:32:49 GMT+0200 (GMT+02:00): GET /favicon.ico
Sun Sep 23 2018 00:32:49 GMT+0200 (GMT+02:00): GET /favicon.ico
Sun Sep 23 2018 00:32:49 GMT+0200 (GMT+02:00): GET /favicon.ico
Sun Sep 23 2018 00:32:49 GMT+0200 (GMT+02:00): GET /favicon.ico
Sun Sep 23 2018 00:32:54 GMT+0200 (GMT+02:00): GET /favicon.ico
Sun Sep 23 2018 00:33:12 GMT+0200 (GMT+02:00): GET /react
Sun Sep 23 2018 00:33:12 GMT+0200 (GMT+02:00): GET /favicon.ico
Sun Sep 23 2018 00:33:12 GMT+0200 (GMT+02:00): GET /js/app.js
Sun Sep 23 2018 00:33:12 GMT+0200 (GMT+02:00): GET /favicon.ico
Sun Sep 23 2018 00:33:12 GMT+0200 (GMT+02:00): GET /favicon.ico
Sun Sep 23 2018 00:33:12 GMT+0200 (GMT+02:00): GET /favicon.ico
Sun Sep 23 2018 00:33:17 GMT+0200 (GMT+02:00): GET /favicon.ico
Sun Sep 23 2018 00:34:24 GMT+0200 (GMT+02:00): GET /react
Sun Sep 23 2018 00:34:24 GMT+0200 (GMT+02:00): GET /favicon.ico
Sun Sep 23 2018 00:34:24 GMT+0200 (GMT+02:00): GET /web-server/js/app.js
Sun Sep 23 2018 00:34:24 GMT+0200 (GMT+02:00): GET /favicon.ico
Sun Sep 23 2018 00:34:25 GMT+0200 (GMT+02:00): GET /favicon.ico
Sun Sep 23 2018 00:34:25 GMT+0200 (GMT+02:00): GET /favicon.ico
Sun Sep 23 2018 00:34:30 GMT+0200 (GMT+02:00): GET /favicon.ico
Sun Sep 23 2018 00:35:46 GMT+0200 (GMT+02:00): GET /react
Sun Sep 23 2018 00:35:46 GMT+0200 (GMT+02:00): GET /favicon.ico
Sun Sep 23 2018 00:35:46 GMT+0200 (GMT+02:00): GET /app.js
Sun Sep 23 2018 00:35:46 GMT+0200 (GMT+02:00): GET /favicon.ico
Sun Sep 23 2018 00:35:46 GMT+0200 (GMT+02:00): GET /favicon.ico
Sun Sep 23 2018 00:35:46 GMT+0200 (GMT+02:00): GET /favicon.ico
Sun Sep 23 2018 00:35:46 GMT+0200 (GMT+02:00): GET /favicon.ico
Sun Sep 23 2018 00:35:51 GMT+0200 (GMT+02:00): GET /favicon.ico
Sun Sep 23 2018 00:36:17 GMT+0200 (GMT+02:00): GET /react
Sun Sep 23 2018 00:36:17 GMT+0200 (GMT+02:00): GET /favicon.ico
Sun Sep 23 2018 00:36:17 GMT+0200 (GMT+02:00): GET /app.js
Sun Sep 23 2018 00:36:17 GMT+0200 (GMT+02:00): GET /favicon.ico
Sun Sep 23 2018 00:36:17 GMT+0200 (GMT+02:00): GET /favicon.ico
Sun Sep 23 2018 00:36:17 GMT+0200 (GMT+02:00): GET /favicon.ico
Sun Sep 23 2018 00:36:17 GMT+0200 (GMT+02:00): GET /favicon.ico
Sun Sep 23 2018 00:36:22 GMT+0200 (GMT+02:00): GET /favicon.ico
Sun Sep 23 2018 00:36:52 GMT+0200 (GMT+02:00): GET /react
Sun Sep 23 2018 00:36:52 GMT+0200 (GMT+02:00): GET /favicon.ico
Sun Sep 23 2018 00:36:52 GMT+0200 (GMT+02:00): GET /app.js
Sun Sep 23 2018 00:36:52 GMT+0200 (GMT+02:00): GET /favicon.ico
Sun Sep 23 2018 00:36:52 GMT+0200 (GMT+02:00): GET /favicon.ico
Sun Sep 23 2018 00:36:53 GMT+0200 (GMT+02:00): GET /favicon.ico
Sun Sep 23 2018 00:36:53 GMT+0200 (GMT+02:00): GET /favicon.ico
Sun Sep 23 2018 00:36:58 GMT+0200 (GMT+02:00): GET /favicon.ico
Sun Sep 23 2018 00:37:12 GMT+0200 (GMT+02:00): GET /react
Sun Sep 23 2018 00:37:12 GMT+0200 (GMT+02:00): GET /favicon.ico
Sun Sep 23 2018 00:37:12 GMT+0200 (GMT+02:00): GET /app.js
Sun Sep 23 2018 00:37:12 GMT+0200 (GMT+02:00): GET /favicon.ico
Sun Sep 23 2018 00:37:12 GMT+0200 (GMT+02:00): GET /favicon.ico
Sun Sep 23 2018 00:37:12 GMT+0200 (GMT+02:00): GET /favicon.ico
Sun Sep 23 2018 00:37:12 GMT+0200 (GMT+02:00): GET /favicon.ico
Sun Sep 23 2018 00:37:17 GMT+0200 (GMT+02:00): GET /favicon.ico
Sun Sep 23 2018 00:37:32 GMT+0200 (GMT+02:00): GET /react
Sun Sep 23 2018 00:37:32 GMT+0200 (GMT+02:00): GET /favicon.ico
Sun Sep 23 2018 00:37:32 GMT+0200 (GMT+02:00): GET /app.js
Sun Sep 23 2018 00:37:32 GMT+0200 (GMT+02:00): GET /favicon.ico
Sun Sep 23 2018 00:37:32 GMT+0200 (GMT+02:00): GET /favicon.ico
Sun Sep 23 2018 00:37:32 GMT+0200 (GMT+02:00): GET /favicon.ico
Sun Sep 23 2018 00:37:37 GMT+0200 (GMT+02:00): GET /favicon.ico
Sun Sep 23 2018 00:44:43 GMT+0200 (GMT+02:00): GET /
Sun Sep 23 2018 00:44:43 GMT+0200 (GMT+02:00): GET /favicon.ico
Sun Sep 23 2018 00:44:43 GMT+0200 (GMT+02:00): GET /favicon.ico
Sun Sep 23 2018 00:44:43 GMT+0200 (GMT+02:00): GET /favicon.ico
Sun Sep 23 2018 00:44:43 GMT+0200 (GMT+02:00): GET /favicon.ico
Sun Sep 23 2018 00:44:43 GMT+0200 (GMT+02:00): GET /favicon.ico
Sun Sep 23 2018 00:44:46 GMT+0200 (GMT+02:00): GET /about
Sun Sep 23 2018 00:44:46 GMT+0200 (GMT+02:00): GET /favicon.ico
Sun Sep 23 2018 00:44:46 GMT+0200 (GMT+02:00): GET /favicon.ico
Sun Sep 23 2018 00:44:46 GMT+0200 (GMT+02:00): GET /favicon.ico
Sun Sep 23 2018 00:44:46 GMT+0200 (GMT+02:00): GET /favicon.ico
Sun Sep 23 2018 00:44:46 GMT+0200 (GMT+02:00): GET /react
Sun Sep 23 2018 00:44:47 GMT+0200 (GMT+02:00): GET /js/app.js
Sun Sep 23 2018 00:44:47 GMT+0200 (GMT+02:00): GET /favicon.ico
Sun Sep 23 2018 00:44:47 GMT+0200 (GMT+02:00): GET /favicon.ico
Sun Sep 23 2018 00:44:47 GMT+0200 (GMT+02:00): GET /js/app.js.map
Sun Sep 23 2018 00:44:47 GMT+0200 (GMT+02:00): GET /favicon.ico
Sun Sep 23 2018 00:44:47 GMT+0200 (GMT+02:00): GET /favicon.ico
Sun Sep 23 2018 00:44:48 GMT+0200 (GMT+02:00): GET /favicon.ico
Sun Sep 23 2018 00:44:51 GMT+0200 (GMT+02:00): GET /favicon.ico
Sun Sep 23 2018 00:44:52 GMT+0200 (GMT+02:00): GET /favicon.ico
Sun Sep 23 2018 00:46:38 GMT+0200 (GMT+02:00): GET /react
Sun Sep 23 2018 00:46:38 GMT+0200 (GMT+02:00): GET /favicon.ico
Sun Sep 23 2018 00:46:38 GMT+0200 (GMT+02:00): GET /js/app.js
Sun Sep 23 2018 00:46:39 GMT+0200 (GMT+02:00): GET /favicon.ico
Sun Sep 23 2018 00:46:39 GMT+0200 (GMT+02:00): GET /js/app.js.map
Sun Sep 23 2018 00:46:39 GMT+0200 (GMT+02:00): GET /favicon.ico
Sun Sep 23 2018 00:46:39 GMT+0200 (GMT+02:00): GET /favicon.ico
Sun Sep 23 2018 00:46:44 GMT+0200 (GMT+02:00): GET /favicon.ico
Sun Sep 23 2018 00:46:50 GMT+0200 (GMT+02:00): GET /favicon.ico
Sun Sep 23 2018 00:46:50 GMT+0200 (GMT+02:00): GET /favicon.ico
Sun Sep 23 2018 00:46:50 GMT+0200 (GMT+02:00): GET /favicon.ico
Sun Sep 23 2018 00:46:50 GMT+0200 (GMT+02:00): GET /favicon.ico
Sun Sep 23 2018 00:46:50 GMT+0200 (GMT+02:00): GET /favicon.ico
Sun Sep 23 2018 00:46:51 GMT+0200 (GMT+02:00): GET /about
Sun Sep 23 2018 00:46:51 GMT+0200 (GMT+02:00): GET /favicon.ico
Sun Sep 23 2018 00:46:52 GMT+0200 (GMT+02:00): GET /favicon.ico
Sun Sep 23 2018 00:46:52 GMT+0200 (GMT+02:00): GET /favicon.ico
Sun Sep 23 2018 00:46:52 GMT+0200 (GMT+02:00): GET /favicon.ico
Sun Sep 23 2018 00:46:52 GMT+0200 (GMT+02:00): GET /
Sun Sep 23 2018 00:46:52 GMT+0200 (GMT+02:00): GET /favicon.ico
Sun Sep 23 2018 00:46:52 GMT+0200 (GMT+02:00): GET /favicon.ico
Sun Sep 23 2018 00:46:52 GMT+0200 (GMT+02:00): GET /favicon.ico
Sun Sep 23 2018 00:46:53 GMT+0200 (GMT+02:00): GET /favicon.ico
Sun Sep 23 2018 00:46:55 GMT+0200 (GMT+02:00): GET /favicon.ico
Sun Sep 23 2018 00:46:57 GMT+0200 (GMT+02:00): GET /favicon.ico
Sun Sep 23 2018 00:46:57 GMT+0200 (GMT+02:00): GET /favicon.ico
Sun Sep 23 2018 00:47:28 GMT+0200 (GMT+02:00): GET /
Sun Sep 23 2018 00:47:28 GMT+0200 (GMT+02:00): GET /favicon.ico
Sun Sep 23 2018 00:47:28 GMT+0200 (GMT+02:00): GET /favicon.ico
Sun Sep 23 2018 00:47:28 GMT+0200 (GMT+02:00): GET /favicon.ico
Sun Sep 23 2018 00:47:28 GMT+0200 (GMT+02:00): GET /favicon.ico
Sun Sep 23 2018 00:47:33 GMT+0200 (GMT+02:00): GET /favicon.ico
Sun Sep 23 2018 00:48:11 GMT+0200 (GMT+02:00): GET /
Sun Sep 23 2018 00:48:11 GMT+0200 (GMT+02:00): GET /favicon.ico
Sun Sep 23 2018 00:48:11 GMT+0200 (GMT+02:00): GET /favicon.ico
Sun Sep 23 2018 00:48:11 GMT+0200 (GMT+02:00): GET /favicon.ico
Sun Sep 23 2018 00:48:11 GMT+0200 (GMT+02:00): GET /favicon.ico
Sun Sep 23 2018 00:48:20 GMT+0200 (GMT+02:00): GET /
Sun Sep 23 2018 00:48:20 GMT+0200 (GMT+02:00): GET /favicon.ico
Sun Sep 23 2018 00:48:20 GMT+0200 (GMT+02:00): GET /favicon.ico
Sun Sep 23 2018 00:48:20 GMT+0200 (GMT+02:00): GET /favicon.ico
Sun Sep 23 2018 00:48:20 GMT+0200 (GMT+02:00): GET /favicon.ico
Sun Sep 23 2018 00:48:20 GMT+0200 (GMT+02:00): GET /favicon.ico
Sun Sep 23 2018 00:48:21 GMT+0200 (GMT+02:00): GET /
Sun Sep 23 2018 00:48:21 GMT+0200 (GMT+02:00): GET /favicon.ico
Sun Sep 23 2018 00:48:21 GMT+0200 (GMT+02:00): GET /favicon.ico
Sun Sep 23 2018 00:48:21 GMT+0200 (GMT+02:00): GET /favicon.ico
Sun Sep 23 2018 00:48:21 GMT+0200 (GMT+02:00): GET /favicon.ico
Sun Sep 23 2018 00:48:25 GMT+0200 (GMT+02:00): GET /favicon.ico
Sun Sep 23 2018 00:48:26 GMT+0200 (GMT+02:00): GET /favicon.ico
Sun Sep 23 2018 00:48:41 GMT+0200 (GMT+02:00): GET /
Sun Sep 23 2018 00:48:41 GMT+0200 (GMT+02:00): GET /favicon.ico
Sun Sep 23 2018 00:48:41 GMT+0200 (GMT+02:00): GET /favicon.ico
Sun Sep 23 2018 00:48:41 GMT+0200 (GMT+02:00): GET /favicon.ico
Sun Sep 23 2018 00:48:41 GMT+0200 (GMT+02:00): GET /favicon.ico
Sun Sep 23 2018 00:48:41 GMT+0200 (GMT+02:00): GET /favicon.ico
Sun Sep 23 2018 00:48:43 GMT+0200 (GMT+02:00): GET /react
Sun Sep 23 2018 00:48:43 GMT+0200 (GMT+02:00): GET /favicon.ico
Sun Sep 23 2018 00:48:43 GMT+0200 (GMT+02:00): GET /js/app.js
Sun Sep 23 2018 00:48:43 GMT+0200 (GMT+02:00): GET /favicon.ico
Sun Sep 23 2018 00:48:43 GMT+0200 (GMT+02:00): GET /favicon.ico
Sun Sep 23 2018 00:48:43 GMT+0200 (GMT+02:00): GET /js/app.js.map
Sun Sep 23 2018 00:48:43 GMT+0200 (GMT+02:00): GET /favicon.ico
Sun Sep 23 2018 00:48:43 GMT+0200 (GMT+02:00): GET /favicon.ico
Sun Sep 23 2018 00:48:44 GMT+0200 (GMT+02:00): GET /favicon.ico
Sun Sep 23 2018 00:48:46 GMT+0200 (GMT+02:00): GET /favicon.ico
Sun Sep 23 2018 00:48:48 GMT+0200 (GMT+02:00): GET /favicon.ico
Sun Sep 23 2018 00:49:06 GMT+0200 (GMT+02:00): GET /react
Sun Sep 23 2018 00:49:06 GMT+0200 (GMT+02:00): GET /favicon.ico
Sun Sep 23 2018 00:49:06 GMT+0200 (GMT+02:00): GET /favicon.ico
Sun Sep 23 2018 00:49:06 GMT+0200 (GMT+02:00): GET /favicon.ico
Sun Sep 23 2018 00:49:06 GMT+0200 (GMT+02:00): GET /favicon.ico
Sun Sep 23 2018 00:49:11 GMT+0200 (GMT+02:00): GET /favicon.ico
Sun Sep 23 2018 00:54:15 GMT+0200 (GMT+02:00): GET /react
Sun Sep 23 2018 00:54:15 GMT+0200 (GMT+02:00): GET /favicon.ico
Sun Sep 23 2018 00:54:15 GMT+0200 (GMT+02:00): GET /js/app.js
Sun Sep 23 2018 00:54:16 GMT+0200 (GMT+02:00): GET /favicon.ico
Sun Sep 23 2018 00:54:16 GMT+0200 (GMT+02:00): GET /favicon.ico
Sun Sep 23 2018 00:54:16 GMT+0200 (GMT+02:00): GET /favicon.ico
Sun Sep 23 2018 00:54:16 GMT+0200 (GMT+02:00): GET /js/app.js.map
Sun Sep 23 2018 00:54:16 GMT+0200 (GMT+02:00): GET /favicon.ico
Sun Sep 23 2018 00:54:16 GMT+0200 (GMT+02:00): GET /favicon.ico
Sun Sep 23 2018 00:54:21 GMT+0200 (GMT+02:00): GET /favicon.ico
Sun Sep 23 2018 00:54:22 GMT+0200 (GMT+02:00): GET /favicon.ico
Sun Sep 23 2018 00:54:22 GMT+0200 (GMT+02:00): GET /
Sun Sep 23 2018 00:54:22 GMT+0200 (GMT+02:00): GET /favicon.ico
Sun Sep 23 2018 00:54:22 GMT+0200 (GMT+02:00): GET /favicon.ico
Sun Sep 23 2018 00:54:22 GMT+0200 (GMT+02:00): GET /favicon.ico
Sun Sep 23 2018 00:54:24 GMT+0200 (GMT+02:00): GET /
Sun Sep 23 2018 00:54:24 GMT+0200 (GMT+02:00): GET /favicon.ico
Sun Sep 23 2018 00:54:24 GMT+0200 (GMT+02:00): GET /favicon.ico
Sun Sep 23 2018 00:54:24 GMT+0200 (GMT+02:00): GET /favicon.ico
Sun Sep 23 2018 00:54:24 GMT+0200 (GMT+02:00): GET /favicon.ico
Sun Sep 23 2018 00:54:25 GMT+0200 (GMT+02:00): GET /about
Sun Sep 23 2018 00:54:25 GMT+0200 (GMT+02:00): GET /favicon.ico
Sun Sep 23 2018 00:54:25 GMT+0200 (GMT+02:00): GET /favicon.ico
Sun Sep 23 2018 00:54:25 GMT+0200 (GMT+02:00): GET /favicon.ico
Sun Sep 23 2018 00:54:25 GMT+0200 (GMT+02:00): GET /favicon.ico
Sun Sep 23 2018 00:54:26 GMT+0200 (GMT+02:00): GET /react
Sun Sep 23 2018 00:54:26 GMT+0200 (GMT+02:00): GET /favicon.ico
Sun Sep 23 2018 00:54:26 GMT+0200 (GMT+02:00): GET /js/app.js
Sun Sep 23 2018 00:54:26 GMT+0200 (GMT+02:00): GET /favicon.ico
Sun Sep 23 2018 00:54:26 GMT+0200 (GMT+02:00): GET /favicon.ico
Sun Sep 23 2018 00:54:26 GMT+0200 (GMT+02:00): GET /js/app.js.map
Sun Sep 23 2018 00:54:26 GMT+0200 (GMT+02:00): GET /favicon.ico
Sun Sep 23 2018 00:54:26 GMT+0200 (GMT+02:00): GET /favicon.ico
Sun Sep 23 2018 00:54:26 GMT+0200 (GMT+02:00): GET /favicon.ico
Sun Sep 23 2018 00:54:27 GMT+0200 (GMT+02:00): GET /favicon.ico
Sun Sep 23 2018 00:54:29 GMT+0200 (GMT+02:00): GET /favicon.ico
Sun Sep 23 2018 00:54:30 GMT+0200 (GMT+02:00): GET /favicon.ico
Sun Sep 23 2018 00:54:31 GMT+0200 (GMT+02:00): GET /favicon.ico
