Fri Sep 21 2018 22:22:12 GMT+0200 (GMT+02:00): GET /
Fri Sep 21 2018 22:22:12 GMT+0200 (GMT+02:00): GET /favicon.ico
Fri Sep 21 2018 22:22:13 GMT+0200 (GMT+02:00): GET /favicon.ico
Fri Sep 21 2018 22:22:18 GMT+0200 (GMT+02:00): GET /favicon.ico
Fri Sep 21 2018 22:23:28 GMT+0200 (GMT+02:00): GET /
Fri Sep 21 2018 22:23:28 GMT+0200 (GMT+02:00): GET /favicon.ico
Fri Sep 21 2018 22:23:29 GMT+0200 (GMT+02:00): GET /favicon.ico
Fri Sep 21 2018 22:23:34 GMT+0200 (GMT+02:00): GET /favicon.ico
Fri Sep 21 2018 22:23:36 GMT+0200 (GMT+02:00): GET /
Fri Sep 21 2018 22:23:36 GMT+0200 (GMT+02:00): GET /favicon.ico
Fri Sep 21 2018 22:23:36 GMT+0200 (GMT+02:00): GET /favicon.ico
Fri Sep 21 2018 22:23:41 GMT+0200 (GMT+02:00): GET /favicon.ico
Fri Sep 21 2018 22:24:49 GMT+0200 (GMT+02:00): GET /favicon.ico
Fri Sep 21 2018 22:24:49 GMT+0200 (GMT+02:00): GET /
Fri Sep 21 2018 22:24:49 GMT+0200 (GMT+02:00): GET /favicon.ico
Fri Sep 21 2018 22:24:50 GMT+0200 (GMT+02:00): GET /favicon.ico
Fri Sep 21 2018 22:24:55 GMT+0200 (GMT+02:00): GET /favicon.ico
Fri Sep 21 2018 22:26:43 GMT+0200 (GMT+02:00): GET /favicon.ico 
Fri Sep 21 2018 22:26:44 GMT+0200 (GMT+02:00): GET / 
Fri Sep 21 2018 22:26:44 GMT+0200 (GMT+02:00): GET /favicon.ico 
Fri Sep 21 2018 22:26:44 GMT+0200 (GMT+02:00): GET /favicon.ico 
Fri Sep 21 2018 22:26:49 GMT+0200 (GMT+02:00): GET /favicon.ico 
Fri Sep 21 2018 22:34:32 GMT+0200 (GMT+02:00): GET /favicon.ico
Fri Sep 21 2018 22:34:40 GMT+0200 (GMT+02:00): GET /main
Fri Sep 21 2018 22:35:03 GMT+0200 (GMT+02:00): GET /main
Fri Sep 21 2018 22:35:04 GMT+0200 (GMT+02:00): GET /favicon.ico
Fri Sep 21 2018 22:35:09 GMT+0200 (GMT+02:00): GET /favicon.ico
Fri Sep 21 2018 22:39:03 GMT+0200 (GMT+02:00): GET /main
Fri Sep 21 2018 22:39:03 GMT+0200 (GMT+02:00): GET /favicon.ico
Fri Sep 21 2018 22:39:03 GMT+0200 (GMT+02:00): GET /favicon.ico
Fri Sep 21 2018 22:39:08 GMT+0200 (GMT+02:00): GET /favicon.ico
Fri Sep 21 2018 22:39:09 GMT+0200 (GMT+02:00): GET /
Fri Sep 21 2018 22:39:09 GMT+0200 (GMT+02:00): GET /favicon.ico
Fri Sep 21 2018 22:39:09 GMT+0200 (GMT+02:00): GET /favicon.ico
Fri Sep 21 2018 22:39:14 GMT+0200 (GMT+02:00): GET /favicon.ico
Fri Sep 21 2018 22:42:00 GMT+0200 (GMT+02:00): GET /favicon.ico
Fri Sep 21 2018 22:42:00 GMT+0200 (GMT+02:00): GET /favicon.ico
Fri Sep 21 2018 22:42:05 GMT+0200 (GMT+02:00): GET /favicon.ico
Fri Sep 21 2018 22:43:13 GMT+0200 (GMT+02:00): GET /favicon.ico
Fri Sep 21 2018 22:43:14 GMT+0200 (GMT+02:00): GET /favicon.ico
Fri Sep 21 2018 22:43:19 GMT+0200 (GMT+02:00): GET /favicon.ico
Fri Sep 21 2018 22:43:47 GMT+0200 (GMT+02:00): GET /help.html
Fri Sep 21 2018 22:43:47 GMT+0200 (GMT+02:00): GET /favicon.ico
Fri Sep 21 2018 22:43:48 GMT+0200 (GMT+02:00): GET /favicon.ico
Fri Sep 21 2018 22:43:52 GMT+0200 (GMT+02:00): GET /favicon.ico
Fri Sep 21 2018 22:43:54 GMT+0200 (GMT+02:00): GET /
Fri Sep 21 2018 22:43:54 GMT+0200 (GMT+02:00): GET /favicon.ico
Fri Sep 21 2018 22:43:54 GMT+0200 (GMT+02:00): GET /favicon.ico
Fri Sep 21 2018 22:43:54 GMT+0200 (GMT+02:00): GET /favicon.ico
Fri Sep 21 2018 22:43:59 GMT+0200 (GMT+02:00): GET /favicon.ico
Fri Sep 21 2018 22:44:07 GMT+0200 (GMT+02:00): GET /
Fri Sep 21 2018 22:44:07 GMT+0200 (GMT+02:00): GET /favicon.ico
Fri Sep 21 2018 22:44:07 GMT+0200 (GMT+02:00): GET /favicon.ico
Fri Sep 21 2018 22:44:08 GMT+0200 (GMT+02:00): GET /about
Fri Sep 21 2018 22:44:08 GMT+0200 (GMT+02:00): GET /favicon.ico
Fri Sep 21 2018 22:44:09 GMT+0200 (GMT+02:00): GET /favicon.ico
Fri Sep 21 2018 22:44:10 GMT+0200 (GMT+02:00): GET /
Fri Sep 21 2018 22:44:10 GMT+0200 (GMT+02:00): GET /favicon.ico
Fri Sep 21 2018 22:44:10 GMT+0200 (GMT+02:00): GET /favicon.ico
Fri Sep 21 2018 22:44:12 GMT+0200 (GMT+02:00): GET /favicon.ico
Fri Sep 21 2018 22:44:13 GMT+0200 (GMT+02:00): GET /favicon.ico
Fri Sep 21 2018 22:44:14 GMT+0200 (GMT+02:00): GET /about
Fri Sep 21 2018 22:44:14 GMT+0200 (GMT+02:00): GET /favicon.ico
Fri Sep 21 2018 22:44:15 GMT+0200 (GMT+02:00): GET /favicon.ico
Fri Sep 21 2018 22:44:15 GMT+0200 (GMT+02:00): GET /favicon.ico
Fri Sep 21 2018 22:44:15 GMT+0200 (GMT+02:00): GET /favicon.ico
Fri Sep 21 2018 22:44:18 GMT+0200 (GMT+02:00): GET /
Fri Sep 21 2018 22:44:18 GMT+0200 (GMT+02:00): GET /favicon.ico
Fri Sep 21 2018 22:44:18 GMT+0200 (GMT+02:00): GET /favicon.ico
Fri Sep 21 2018 22:44:19 GMT+0200 (GMT+02:00): GET /favicon.ico
Fri Sep 21 2018 22:44:23 GMT+0200 (GMT+02:00): GET /favicon.ico
Sat Sep 22 2018 19:52:31 GMT+0200 (GMT+02:00): GET /
Sat Sep 22 2018 19:52:32 GMT+0200 (GMT+02:00): GET /favicon.ico
Sat Sep 22 2018 19:52:32 GMT+0200 (GMT+02:00): GET /favicon.ico
Sat Sep 22 2018 19:52:32 GMT+0200 (GMT+02:00): GET /favicon.ico
Sat Sep 22 2018 19:52:32 GMT+0200 (GMT+02:00): GET /favicon.ico
Sat Sep 22 2018 19:52:37 GMT+0200 (GMT+02:00): GET /favicon.ico
Sat Sep 22 2018 19:52:39 GMT+0200 (GMT+02:00): GET /react
Sat Sep 22 2018 19:52:39 GMT+0200 (GMT+02:00): GET /favicon.ico
Sat Sep 22 2018 19:52:39 GMT+0200 (GMT+02:00): GET /app.js
Sat Sep 22 2018 19:52:39 GMT+0200 (GMT+02:00): GET /favicon.ico
Sat Sep 22 2018 19:52:39 GMT+0200 (GMT+02:00): GET /app.js
Sat Sep 22 2018 19:52:39 GMT+0200 (GMT+02:00): GET /favicon.ico
Sat Sep 22 2018 19:52:40 GMT+0200 (GMT+02:00): GET /favicon.ico
Sat Sep 22 2018 19:52:44 GMT+0200 (GMT+02:00): GET /favicon.ico
Sat Sep 22 2018 19:53:02 GMT+0200 (GMT+02:00): GET /react
Sat Sep 22 2018 19:53:02 GMT+0200 (GMT+02:00): GET /favicon.ico
Sat Sep 22 2018 19:53:02 GMT+0200 (GMT+02:00): GET /app.js
Sat Sep 22 2018 19:53:02 GMT+0200 (GMT+02:00): GET /favicon.ico
Sat Sep 22 2018 19:53:02 GMT+0200 (GMT+02:00): GET /favicon.ico
Sat Sep 22 2018 19:53:02 GMT+0200 (GMT+02:00): GET /favicon.ico
Sat Sep 22 2018 19:53:07 GMT+0200 (GMT+02:00): GET /favicon.ico
Sat Sep 22 2018 19:53:34 GMT+0200 (GMT+02:00): GET /react
Sat Sep 22 2018 19:53:34 GMT+0200 (GMT+02:00): GET /favicon.ico
Sat Sep 22 2018 19:53:34 GMT+0200 (GMT+02:00): GET /app.js
Sat Sep 22 2018 19:53:34 GMT+0200 (GMT+02:00): GET /favicon.ico
Sat Sep 22 2018 19:53:35 GMT+0200 (GMT+02:00): GET /favicon.ico
Sat Sep 22 2018 19:53:35 GMT+0200 (GMT+02:00): GET /favicon.ico
Sat Sep 22 2018 19:53:38 GMT+0200 (GMT+02:00): GET /react
Sat Sep 22 2018 19:53:38 GMT+0200 (GMT+02:00): GET /favicon.ico
Sat Sep 22 2018 19:53:38 GMT+0200 (GMT+02:00): GET /app.js
Sat Sep 22 2018 19:53:39 GMT+0200 (GMT+02:00): GET /favicon.ico
Sat Sep 22 2018 19:53:39 GMT+0200 (GMT+02:00): GET /favicon.ico
Sat Sep 22 2018 19:53:39 GMT+0200 (GMT+02:00): GET /favicon.ico
Sat Sep 22 2018 19:53:40 GMT+0200 (GMT+02:00): GET /favicon.ico
Sat Sep 22 2018 19:53:44 GMT+0200 (GMT+02:00): GET /favicon.ico
Sat Sep 22 2018 19:53:55 GMT+0200 (GMT+02:00): GET /react
Sat Sep 22 2018 19:53:55 GMT+0200 (GMT+02:00): GET /favicon.ico
Sat Sep 22 2018 19:53:55 GMT+0200 (GMT+02:00): GET /app.js
Sat Sep 22 2018 19:53:55 GMT+0200 (GMT+02:00): GET /favicon.ico
Sat Sep 22 2018 19:53:55 GMT+0200 (GMT+02:00): GET /favicon.ico
Sat Sep 22 2018 19:53:55 GMT+0200 (GMT+02:00): GET /favicon.ico
Sat Sep 22 2018 19:53:55 GMT+0200 (GMT+02:00): GET /favicon.ico
Sat Sep 22 2018 19:54:00 GMT+0200 (GMT+02:00): GET /favicon.ico
Sat Sep 22 2018 19:54:02 GMT+0200 (GMT+02:00): GET /
Sat Sep 22 2018 19:54:02 GMT+0200 (GMT+02:00): GET /favicon.ico
Sat Sep 22 2018 19:54:02 GMT+0200 (GMT+02:00): GET /favicon.ico
Sat Sep 22 2018 19:54:02 GMT+0200 (GMT+02:00): GET /favicon.ico
Sat Sep 22 2018 19:54:02 GMT+0200 (GMT+02:00): GET /favicon.ico
Sat Sep 22 2018 19:54:07 GMT+0200 (GMT+02:00): GET /favicon.ico
Sat Sep 22 2018 19:54:16 GMT+0200 (GMT+02:00): GET /react
Sat Sep 22 2018 19:54:16 GMT+0200 (GMT+02:00): GET /favicon.ico
Sat Sep 22 2018 19:54:16 GMT+0200 (GMT+02:00): GET /app.js
Sat Sep 22 2018 19:54:16 GMT+0200 (GMT+02:00): GET /favicon.ico
Sat Sep 22 2018 19:54:16 GMT+0200 (GMT+02:00): GET /app.js
Sat Sep 22 2018 19:54:16 GMT+0200 (GMT+02:00): GET /favicon.ico
Sat Sep 22 2018 19:54:16 GMT+0200 (GMT+02:00): GET /favicon.ico
Sat Sep 22 2018 19:54:21 GMT+0200 (GMT+02:00): GET /favicon.ico
Sat Sep 22 2018 19:56:02 GMT+0200 (GMT+02:00): GET /favicon.ico
Sat Sep 22 2018 19:56:05 GMT+0200 (GMT+02:00): GET /react
Sat Sep 22 2018 19:56:05 GMT+0200 (GMT+02:00): GET /favicon.ico
Sat Sep 22 2018 19:56:05 GMT+0200 (GMT+02:00): GET /app.js
Sat Sep 22 2018 19:56:05 GMT+0200 (GMT+02:00): GET /favicon.ico
Sat Sep 22 2018 19:56:05 GMT+0200 (GMT+02:00): GET /favicon.ico
Sat Sep 22 2018 19:56:05 GMT+0200 (GMT+02:00): GET /favicon.ico
Sat Sep 22 2018 19:56:05 GMT+0200 (GMT+02:00): GET /favicon.ico
Sat Sep 22 2018 19:56:10 GMT+0200 (GMT+02:00): GET /favicon.ico
Sat Sep 22 2018 19:56:39 GMT+0200 (GMT+02:00): GET /favicon.ico
Sat Sep 22 2018 19:56:39 GMT+0200 (GMT+02:00): GET /js/react
Sat Sep 22 2018 19:56:39 GMT+0200 (GMT+02:00): GET /favicon.ico
Sat Sep 22 2018 19:56:39 GMT+0200 (GMT+02:00): GET /favicon.ico
Sat Sep 22 2018 19:56:39 GMT+0200 (GMT+02:00): GET /favicon.ico
Sat Sep 22 2018 19:56:39 GMT+0200 (GMT+02:00): GET /favicon.ico
Sat Sep 22 2018 19:56:44 GMT+0200 (GMT+02:00): GET /favicon.ico
Sat Sep 22 2018 19:59:15 GMT+0200 (GMT+02:00): GET /favicon.ico
Sat Sep 22 2018 19:59:20 GMT+0200 (GMT+02:00): GET /
Sat Sep 22 2018 19:59:20 GMT+0200 (GMT+02:00): GET /favicon.ico
Sat Sep 22 2018 19:59:20 GMT+0200 (GMT+02:00): GET /favicon.ico
Sat Sep 22 2018 19:59:20 GMT+0200 (GMT+02:00): GET /favicon.ico
Sat Sep 22 2018 19:59:20 GMT+0200 (GMT+02:00): GET /favicon.ico
Sat Sep 22 2018 19:59:25 GMT+0200 (GMT+02:00): GET /favicon.ico
Sat Sep 22 2018 19:59:26 GMT+0200 (GMT+02:00): GET /favicon.ico
Sat Sep 22 2018 19:59:26 GMT+0200 (GMT+02:00): GET /react
Sat Sep 22 2018 19:59:26 GMT+0200 (GMT+02:00): GET /app.js
Sat Sep 22 2018 19:59:27 GMT+0200 (GMT+02:00): GET /favicon.ico
Sat Sep 22 2018 19:59:27 GMT+0200 (GMT+02:00): GET /app.js
Sat Sep 22 2018 19:59:27 GMT+0200 (GMT+02:00): GET /favicon.ico
Sat Sep 22 2018 19:59:27 GMT+0200 (GMT+02:00): GET /favicon.ico
Sat Sep 22 2018 19:59:32 GMT+0200 (GMT+02:00): GET /favicon.ico
Sat Sep 22 2018 20:01:36 GMT+0200 (GMT+02:00): GET /favicon.ico
Sat Sep 22 2018 20:01:37 GMT+0200 (GMT+02:00): GET /react
Sat Sep 22 2018 20:01:37 GMT+0200 (GMT+02:00): GET /favicon.ico
Sat Sep 22 2018 20:01:37 GMT+0200 (GMT+02:00): GET /app.js
Sat Sep 22 2018 20:01:37 GMT+0200 (GMT+02:00): GET /favicon.ico
Sat Sep 22 2018 20:01:37 GMT+0200 (GMT+02:00): GET /favicon.ico
Sat Sep 22 2018 20:01:37 GMT+0200 (GMT+02:00): GET /favicon.ico
Sat Sep 22 2018 20:01:37 GMT+0200 (GMT+02:00): GET /favicon.ico
Sat Sep 22 2018 20:01:42 GMT+0200 (GMT+02:00): GET /favicon.ico
Sat Sep 22 2018 20:02:06 GMT+0200 (GMT+02:00): GET /react
Sat Sep 22 2018 20:02:06 GMT+0200 (GMT+02:00): GET /favicon.ico
Sat Sep 22 2018 20:02:06 GMT+0200 (GMT+02:00): GET /app.js
Sat Sep 22 2018 20:02:06 GMT+0200 (GMT+02:00): GET /favicon.ico
Sat Sep 22 2018 20:02:06 GMT+0200 (GMT+02:00): GET /favicon.ico
Sat Sep 22 2018 20:02:06 GMT+0200 (GMT+02:00): GET /favicon.ico
Sat Sep 22 2018 20:02:07 GMT+0200 (GMT+02:00): GET /favicon.ico
Sat Sep 22 2018 20:02:09 GMT+0200 (GMT+02:00): GET /react
Sat Sep 22 2018 20:02:09 GMT+0200 (GMT+02:00): GET /favicon.ico
Sat Sep 22 2018 20:02:09 GMT+0200 (GMT+02:00): GET /app.js
Sat Sep 22 2018 20:02:09 GMT+0200 (GMT+02:00): GET /favicon.ico
Sat Sep 22 2018 20:02:09 GMT+0200 (GMT+02:00): GET /favicon.ico
Sat Sep 22 2018 20:02:09 GMT+0200 (GMT+02:00): GET /favicon.ico
Sat Sep 22 2018 20:02:11 GMT+0200 (GMT+02:00): GET /react
Sat Sep 22 2018 20:02:11 GMT+0200 (GMT+02:00): GET /favicon.ico
Sat Sep 22 2018 20:02:11 GMT+0200 (GMT+02:00): GET /app.js
Sat Sep 22 2018 20:02:11 GMT+0200 (GMT+02:00): GET /favicon.ico
Sat Sep 22 2018 20:02:11 GMT+0200 (GMT+02:00): GET /favicon.ico
Sat Sep 22 2018 20:02:11 GMT+0200 (GMT+02:00): GET /favicon.ico
Sat Sep 22 2018 20:02:11 GMT+0200 (GMT+02:00): GET /favicon.ico
Sat Sep 22 2018 20:02:14 GMT+0200 (GMT+02:00): GET /favicon.ico
Sat Sep 22 2018 20:02:16 GMT+0200 (GMT+02:00): GET /favicon.ico
Sat Sep 22 2018 20:02:25 GMT+0200 (GMT+02:00): GET /favicon.ico
Sat Sep 22 2018 20:02:25 GMT+0200 (GMT+02:00): GET /
Sat Sep 22 2018 20:02:25 GMT+0200 (GMT+02:00): GET /favicon.ico
Sat Sep 22 2018 20:02:25 GMT+0200 (GMT+02:00): GET /favicon.ico
Sat Sep 22 2018 20:02:30 GMT+0200 (GMT+02:00): GET /favicon.ico
Sat Sep 22 2018 20:02:57 GMT+0200 (GMT+02:00): GET /
Sat Sep 22 2018 20:02:57 GMT+0200 (GMT+02:00): GET /favicon.ico
Sat Sep 22 2018 20:02:57 GMT+0200 (GMT+02:00): GET /favicon.ico
Sat Sep 22 2018 20:02:57 GMT+0200 (GMT+02:00): GET /favicon.ico
Sat Sep 22 2018 20:02:57 GMT+0200 (GMT+02:00): GET /favicon.ico
Sat Sep 22 2018 20:02:57 GMT+0200 (GMT+02:00): GET /favicon.ico
Sat Sep 22 2018 20:03:02 GMT+0200 (GMT+02:00): GET /favicon.ico
Sat Sep 22 2018 20:03:05 GMT+0200 (GMT+02:00): GET /favicon.ico
Sat Sep 22 2018 20:03:05 GMT+0200 (GMT+02:00): GET /react
Sat Sep 22 2018 20:03:05 GMT+0200 (GMT+02:00): GET /app.js
Sat Sep 22 2018 20:03:05 GMT+0200 (GMT+02:00): GET /favicon.ico
Sat Sep 22 2018 20:03:05 GMT+0200 (GMT+02:00): GET /favicon.ico
Sat Sep 22 2018 20:03:05 GMT+0200 (GMT+02:00): GET /app.js
Sat Sep 22 2018 20:03:05 GMT+0200 (GMT+02:00): GET /favicon.ico
Sat Sep 22 2018 20:03:05 GMT+0200 (GMT+02:00): GET /favicon.ico
Sat Sep 22 2018 20:03:10 GMT+0200 (GMT+02:00): GET /favicon.ico
Sat Sep 22 2018 20:03:42 GMT+0200 (GMT+02:00): GET /react
Sat Sep 22 2018 20:03:42 GMT+0200 (GMT+02:00): GET /favicon.ico
Sat Sep 22 2018 20:03:43 GMT+0200 (GMT+02:00): GET /app.js
Sat Sep 22 2018 20:03:43 GMT+0200 (GMT+02:00): GET /favicon.ico
Sat Sep 22 2018 20:03:43 GMT+0200 (GMT+02:00): GET /favicon.ico
Sat Sep 22 2018 20:03:43 GMT+0200 (GMT+02:00): GET /favicon.ico
Sat Sep 22 2018 20:03:48 GMT+0200 (GMT+02:00): GET /favicon.ico
Sat Sep 22 2018 20:04:43 GMT+0200 (GMT+02:00): GET /react
Sat Sep 22 2018 20:04:43 GMT+0200 (GMT+02:00): GET /favicon.ico
Sat Sep 22 2018 20:04:43 GMT+0200 (GMT+02:00): GET /app.js
Sat Sep 22 2018 20:04:43 GMT+0200 (GMT+02:00): GET /favicon.ico
Sat Sep 22 2018 20:04:43 GMT+0200 (GMT+02:00): GET /favicon.ico
Sat Sep 22 2018 20:04:43 GMT+0200 (GMT+02:00): GET /app.js.map
Sat Sep 22 2018 20:04:43 GMT+0200 (GMT+02:00): GET /favicon.ico
Sat Sep 22 2018 20:04:43 GMT+0200 (GMT+02:00): GET /favicon.ico
Sat Sep 22 2018 20:04:48 GMT+0200 (GMT+02:00): GET /favicon.ico
Sat Sep 22 2018 20:05:08 GMT+0200 (GMT+02:00): GET /react
Sat Sep 22 2018 20:05:08 GMT+0200 (GMT+02:00): GET /favicon.ico
Sat Sep 22 2018 20:05:08 GMT+0200 (GMT+02:00): GET /app.js
Sat Sep 22 2018 20:05:08 GMT+0200 (GMT+02:00): GET /favicon.ico
Sat Sep 22 2018 20:05:08 GMT+0200 (GMT+02:00): GET /app.js.map
Sat Sep 22 2018 20:05:08 GMT+0200 (GMT+02:00): GET /favicon.ico
Sat Sep 22 2018 20:05:08 GMT+0200 (GMT+02:00): GET /favicon.ico
Sat Sep 22 2018 20:05:10 GMT+0200 (GMT+02:00): GET /react
Sat Sep 22 2018 20:05:10 GMT+0200 (GMT+02:00): GET /favicon.ico
Sat Sep 22 2018 20:05:10 GMT+0200 (GMT+02:00): GET /app.js
Sat Sep 22 2018 20:05:10 GMT+0200 (GMT+02:00): GET /favicon.ico
Sat Sep 22 2018 20:05:10 GMT+0200 (GMT+02:00): GET /app.js.map
Sat Sep 22 2018 20:05:10 GMT+0200 (GMT+02:00): GET /favicon.ico
Sat Sep 22 2018 20:05:10 GMT+0200 (GMT+02:00): GET /favicon.ico
Sat Sep 22 2018 20:05:11 GMT+0200 (GMT+02:00): GET /react
Sat Sep 22 2018 20:05:11 GMT+0200 (GMT+02:00): GET /favicon.ico
Sat Sep 22 2018 20:05:11 GMT+0200 (GMT+02:00): GET /app.js
Sat Sep 22 2018 20:05:11 GMT+0200 (GMT+02:00): GET /favicon.ico
Sat Sep 22 2018 20:05:11 GMT+0200 (GMT+02:00): GET /app.js.map
Sat Sep 22 2018 20:05:11 GMT+0200 (GMT+02:00): GET /favicon.ico
Sat Sep 22 2018 20:05:11 GMT+0200 (GMT+02:00): GET /favicon.ico
Sat Sep 22 2018 20:05:13 GMT+0200 (GMT+02:00): GET /react
Sat Sep 22 2018 20:05:13 GMT+0200 (GMT+02:00): GET /favicon.ico
Sat Sep 22 2018 20:05:13 GMT+0200 (GMT+02:00): GET /app.js
Sat Sep 22 2018 20:05:13 GMT+0200 (GMT+02:00): GET /favicon.ico
Sat Sep 22 2018 20:05:13 GMT+0200 (GMT+02:00): GET /app.js.map
Sat Sep 22 2018 20:05:13 GMT+0200 (GMT+02:00): GET /favicon.ico
Sat Sep 22 2018 20:05:13 GMT+0200 (GMT+02:00): GET /favicon.ico
Sat Sep 22 2018 20:05:13 GMT+0200 (GMT+02:00): GET /favicon.ico
Sat Sep 22 2018 20:05:15 GMT+0200 (GMT+02:00): GET /favicon.ico
Sat Sep 22 2018 20:05:16 GMT+0200 (GMT+02:00): GET /favicon.ico
Sat Sep 22 2018 20:05:18 GMT+0200 (GMT+02:00): GET /favicon.ico
Sat Sep 22 2018 20:05:26 GMT+0200 (GMT+02:00): GET /react
Sat Sep 22 2018 20:05:26 GMT+0200 (GMT+02:00): GET /favicon.ico
Sat Sep 22 2018 20:05:26 GMT+0200 (GMT+02:00): GET /app.js
Sat Sep 22 2018 20:05:26 GMT+0200 (GMT+02:00): GET /favicon.ico
Sat Sep 22 2018 20:05:26 GMT+0200 (GMT+02:00): GET /favicon.ico
Sat Sep 22 2018 20:05:26 GMT+0200 (GMT+02:00): GET /app.js.map
Sat Sep 22 2018 20:05:26 GMT+0200 (GMT+02:00): GET /favicon.ico
Sat Sep 22 2018 20:05:26 GMT+0200 (GMT+02:00): GET /favicon.ico
Sat Sep 22 2018 20:05:31 GMT+0200 (GMT+02:00): GET /favicon.ico
Sat Sep 22 2018 20:05:59 GMT+0200 (GMT+02:00): GET /react
Sat Sep 22 2018 20:05:59 GMT+0200 (GMT+02:00): GET /favicon.ico
Sat Sep 22 2018 20:05:59 GMT+0200 (GMT+02:00): GET /app.js
Sat Sep 22 2018 20:06:00 GMT+0200 (GMT+02:00): GET /favicon.ico
Sat Sep 22 2018 20:06:00 GMT+0200 (GMT+02:00): GET /app.js.map
Sat Sep 22 2018 20:06:00 GMT+0200 (GMT+02:00): GET /favicon.ico
Sat Sep 22 2018 20:06:00 GMT+0200 (GMT+02:00): GET /favicon.ico
Sat Sep 22 2018 20:06:05 GMT+0200 (GMT+02:00): GET /favicon.ico
Sat Sep 22 2018 20:06:21 GMT+0200 (GMT+02:00): GET /react
Sat Sep 22 2018 20:06:21 GMT+0200 (GMT+02:00): GET /favicon.ico
Sat Sep 22 2018 20:06:22 GMT+0200 (GMT+02:00): GET /app.js
Sat Sep 22 2018 20:06:22 GMT+0200 (GMT+02:00): GET /favicon.ico
Sat Sep 22 2018 20:06:22 GMT+0200 (GMT+02:00): GET /favicon.ico
Sat Sep 22 2018 20:06:22 GMT+0200 (GMT+02:00): GET /favicon.ico
Sat Sep 22 2018 20:06:22 GMT+0200 (GMT+02:00): GET /favicon.ico
Sat Sep 22 2018 20:06:22 GMT+0200 (GMT+02:00): GET /favicon.ico
Sat Sep 22 2018 20:06:26 GMT+0200 (GMT+02:00): GET /app.js.map
Sat Sep 22 2018 20:06:27 GMT+0200 (GMT+02:00): GET /favicon.ico
Sat Sep 22 2018 20:06:31 GMT+0200 (GMT+02:00): GET /react
Sat Sep 22 2018 20:06:31 GMT+0200 (GMT+02:00): GET /favicon.ico
Sat Sep 22 2018 20:06:31 GMT+0200 (GMT+02:00): GET /app.js
Sat Sep 22 2018 20:06:31 GMT+0200 (GMT+02:00): GET /favicon.ico
Sat Sep 22 2018 20:06:31 GMT+0200 (GMT+02:00): GET /app.js.map
Sat Sep 22 2018 20:06:31 GMT+0200 (GMT+02:00): GET /favicon.ico
Sat Sep 22 2018 20:06:31 GMT+0200 (GMT+02:00): GET /favicon.ico
Sat Sep 22 2018 20:06:36 GMT+0200 (GMT+02:00): GET /favicon.ico
Sat Sep 22 2018 20:07:35 GMT+0200 (GMT+02:00): GET /react
Sat Sep 22 2018 20:07:35 GMT+0200 (GMT+02:00): GET /favicon.ico
Sat Sep 22 2018 20:07:35 GMT+0200 (GMT+02:00): GET /app.js
Sat Sep 22 2018 20:07:35 GMT+0200 (GMT+02:00): GET /favicon.ico
Sat Sep 22 2018 20:07:35 GMT+0200 (GMT+02:00): GET /favicon.ico
Sat Sep 22 2018 20:07:35 GMT+0200 (GMT+02:00): GET /favicon.ico
Sat Sep 22 2018 20:07:35 GMT+0200 (GMT+02:00): GET /favicon.ico
Sat Sep 22 2018 20:07:40 GMT+0200 (GMT+02:00): GET /favicon.ico
Sat Sep 22 2018 20:09:52 GMT+0200 (GMT+02:00): GET /help.html
Sat Sep 22 2018 20:09:52 GMT+0200 (GMT+02:00): GET /favicon.ico
Sat Sep 22 2018 20:09:52 GMT+0200 (GMT+02:00): GET /js/test
Sat Sep 22 2018 20:09:52 GMT+0200 (GMT+02:00): GET /favicon.ico
Sat Sep 22 2018 20:09:52 GMT+0200 (GMT+02:00): GET /favicon.ico
Sat Sep 22 2018 20:09:52 GMT+0200 (GMT+02:00): GET /favicon.ico
Sat Sep 22 2018 20:09:57 GMT+0200 (GMT+02:00): GET /favicon.ico
Sat Sep 22 2018 20:12:54 GMT+0200 (GMT+02:00): GET /favicon.ico
Sat Sep 22 2018 20:12:56 GMT+0200 (GMT+02:00): GET /help.html
Sat Sep 22 2018 20:12:56 GMT+0200 (GMT+02:00): GET /favicon.ico
Sat Sep 22 2018 20:12:56 GMT+0200 (GMT+02:00): GET /favicon.ico
Sat Sep 22 2018 20:12:56 GMT+0200 (GMT+02:00): GET /favicon.ico
Sat Sep 22 2018 20:12:56 GMT+0200 (GMT+02:00): GET /favicon.ico
Sat Sep 22 2018 20:13:01 GMT+0200 (GMT+02:00): GET /favicon.ico
Sat Sep 22 2018 20:14:30 GMT+0200 (GMT+02:00): GET /help.html
Sat Sep 22 2018 20:14:30 GMT+0200 (GMT+02:00): GET /favicon.ico
Sat Sep 22 2018 20:14:30 GMT+0200 (GMT+02:00): GET /favicon.ico
Sat Sep 22 2018 20:14:30 GMT+0200 (GMT+02:00): GET /favicon.ico
Sat Sep 22 2018 20:14:33 GMT+0200 (GMT+02:00): GET /favicon.ico
Sat Sep 22 2018 20:14:33 GMT+0200 (GMT+02:00): GET /favicon.ico
Sat Sep 22 2018 20:14:38 GMT+0200 (GMT+02:00): GET /favicon.ico
Sat Sep 22 2018 20:14:54 GMT+0200 (GMT+02:00): GET /help.html
Sat Sep 22 2018 20:14:54 GMT+0200 (GMT+02:00): GET /favicon.ico
Sat Sep 22 2018 20:14:54 GMT+0200 (GMT+02:00): GET /favicon.ico
Sat Sep 22 2018 20:14:54 GMT+0200 (GMT+02:00): GET /favicon.ico
Sat Sep 22 2018 20:14:54 GMT+0200 (GMT+02:00): GET /favicon.ico
Sat Sep 22 2018 20:14:59 GMT+0200 (GMT+02:00): GET /favicon.ico
Sat Sep 22 2018 20:18:04 GMT+0200 (GMT+02:00): GET /favicon.ico
Sat Sep 22 2018 20:18:04 GMT+0200 (GMT+02:00): GET /favicon.ico
Sat Sep 22 2018 20:18:05 GMT+0200 (GMT+02:00): GET /favicon.ico
Sat Sep 22 2018 20:18:06 GMT+0200 (GMT+02:00): GET /favicon.ico
Sat Sep 22 2018 20:18:06 GMT+0200 (GMT+02:00): GET /favicon.ico
Sat Sep 22 2018 20:19:39 GMT+0200 (GMT+02:00): GET /favicon.ico
Sat Sep 22 2018 20:19:41 GMT+0200 (GMT+02:00): GET /help.html
Sat Sep 22 2018 20:19:41 GMT+0200 (GMT+02:00): GET /favicon.ico
Sat Sep 22 2018 20:19:41 GMT+0200 (GMT+02:00): GET /js/test.js
Sat Sep 22 2018 20:19:41 GMT+0200 (GMT+02:00): GET /favicon.ico
Sat Sep 22 2018 20:19:41 GMT+0200 (GMT+02:00): GET /favicon.ico
Sat Sep 22 2018 20:19:41 GMT+0200 (GMT+02:00): GET /favicon.ico
Sat Sep 22 2018 20:19:46 GMT+0200 (GMT+02:00): GET /favicon.ico
Sat Sep 22 2018 20:20:29 GMT+0200 (GMT+02:00): GET /favicon.ico
Sat Sep 22 2018 20:20:29 GMT+0200 (GMT+02:00): GET /react
Sat Sep 22 2018 20:20:29 GMT+0200 (GMT+02:00): GET /app.js
Sat Sep 22 2018 20:20:29 GMT+0200 (GMT+02:00): GET /favicon.ico
Sat Sep 22 2018 20:20:29 GMT+0200 (GMT+02:00): GET /app.js.map
Sat Sep 22 2018 20:20:29 GMT+0200 (GMT+02:00): GET /favicon.ico
Sat Sep 22 2018 20:20:29 GMT+0200 (GMT+02:00): GET /favicon.ico
Sat Sep 22 2018 20:20:29 GMT+0200 (GMT+02:00): GET /favicon.ico
Sat Sep 22 2018 20:20:34 GMT+0200 (GMT+02:00): GET /favicon.ico
Sat Sep 22 2018 20:21:30 GMT+0200 (GMT+02:00): GET /react
Sat Sep 22 2018 20:21:30 GMT+0200 (GMT+02:00): GET /favicon.ico
Sat Sep 22 2018 20:21:30 GMT+0200 (GMT+02:00): GET /app.js
Sat Sep 22 2018 20:21:30 GMT+0200 (GMT+02:00): GET /favicon.ico
Sat Sep 22 2018 20:21:30 GMT+0200 (GMT+02:00): GET /app.js.map
Sat Sep 22 2018 20:21:30 GMT+0200 (GMT+02:00): GET /favicon.ico
Sat Sep 22 2018 20:21:30 GMT+0200 (GMT+02:00): GET /favicon.ico
Sat Sep 22 2018 20:21:31 GMT+0200 (GMT+02:00): GET /react
Sat Sep 22 2018 20:21:31 GMT+0200 (GMT+02:00): GET /favicon.ico
Sat Sep 22 2018 20:21:31 GMT+0200 (GMT+02:00): GET /app.js
Sat Sep 22 2018 20:21:31 GMT+0200 (GMT+02:00): GET /favicon.ico
Sat Sep 22 2018 20:21:31 GMT+0200 (GMT+02:00): GET /app.js.map
Sat Sep 22 2018 20:21:31 GMT+0200 (GMT+02:00): GET /favicon.ico
Sat Sep 22 2018 20:21:31 GMT+0200 (GMT+02:00): GET /favicon.ico
Sat Sep 22 2018 20:21:35 GMT+0200 (GMT+02:00): GET /favicon.ico
Sat Sep 22 2018 20:21:41 GMT+0200 (GMT+02:00): GET /react
Sat Sep 22 2018 20:21:41 GMT+0200 (GMT+02:00): GET /favicon.ico
Sat Sep 22 2018 20:21:41 GMT+0200 (GMT+02:00): GET /app.js
Sat Sep 22 2018 20:21:42 GMT+0200 (GMT+02:00): GET /favicon.ico
Sat Sep 22 2018 20:21:42 GMT+0200 (GMT+02:00): GET /favicon.ico
Sat Sep 22 2018 20:21:42 GMT+0200 (GMT+02:00): GET /app.js.map
Sat Sep 22 2018 20:21:42 GMT+0200 (GMT+02:00): GET /favicon.ico
Sat Sep 22 2018 20:21:42 GMT+0200 (GMT+02:00): GET /favicon.ico
Sat Sep 22 2018 20:21:43 GMT+0200 (GMT+02:00): GET /react
Sat Sep 22 2018 20:21:43 GMT+0200 (GMT+02:00): GET /favicon.ico
Sat Sep 22 2018 20:21:43 GMT+0200 (GMT+02:00): GET /app.js
Sat Sep 22 2018 20:21:43 GMT+0200 (GMT+02:00): GET /favicon.ico
Sat Sep 22 2018 20:21:43 GMT+0200 (GMT+02:00): GET /app.js.map
Sat Sep 22 2018 20:21:43 GMT+0200 (GMT+02:00): GET /favicon.ico
Sat Sep 22 2018 20:21:43 GMT+0200 (GMT+02:00): GET /favicon.ico
Sat Sep 22 2018 20:21:47 GMT+0200 (GMT+02:00): GET /favicon.ico
Sat Sep 22 2018 20:21:48 GMT+0200 (GMT+02:00): GET /favicon.ico
Sat Sep 22 2018 20:22:25 GMT+0200 (GMT+02:00): GET /react
Sat Sep 22 2018 20:22:25 GMT+0200 (GMT+02:00): GET /favicon.ico
Sat Sep 22 2018 20:22:25 GMT+0200 (GMT+02:00): GET /app.js
Sat Sep 22 2018 20:22:25 GMT+0200 (GMT+02:00): GET /favicon.ico
Sat Sep 22 2018 20:22:25 GMT+0200 (GMT+02:00): GET /favicon.ico
Sat Sep 22 2018 20:22:25 GMT+0200 (GMT+02:00): GET /favicon.ico
Sat Sep 22 2018 20:22:25 GMT+0200 (GMT+02:00): GET /favicon.ico
Sat Sep 22 2018 20:22:30 GMT+0200 (GMT+02:00): GET /favicon.ico
Sat Sep 22 2018 20:23:00 GMT+0200 (GMT+02:00): GET /react
Sat Sep 22 2018 20:23:00 GMT+0200 (GMT+02:00): GET /favicon.ico
Sat Sep 22 2018 20:23:00 GMT+0200 (GMT+02:00): GET /app.js
Sat Sep 22 2018 20:23:01 GMT+0200 (GMT+02:00): GET /favicon.ico
Sat Sep 22 2018 20:23:01 GMT+0200 (GMT+02:00): GET /favicon.ico
Sat Sep 22 2018 20:23:01 GMT+0200 (GMT+02:00): GET /favicon.ico
Sat Sep 22 2018 20:23:03 GMT+0200 (GMT+02:00): GET /react
Sat Sep 22 2018 20:23:03 GMT+0200 (GMT+02:00): GET /favicon.ico
Sat Sep 22 2018 20:23:03 GMT+0200 (GMT+02:00): GET /app.js
Sat Sep 22 2018 20:23:03 GMT+0200 (GMT+02:00): GET /favicon.ico
Sat Sep 22 2018 20:23:03 GMT+0200 (GMT+02:00): GET /favicon.ico
Sat Sep 22 2018 20:23:03 GMT+0200 (GMT+02:00): GET /favicon.ico
Sat Sep 22 2018 20:23:06 GMT+0200 (GMT+02:00): GET /favicon.ico
Sat Sep 22 2018 20:23:12 GMT+0200 (GMT+02:00): GET /react
Sat Sep 22 2018 20:23:12 GMT+0200 (GMT+02:00): GET /favicon.ico
Sat Sep 22 2018 20:23:12 GMT+0200 (GMT+02:00): GET /app.js
Sat Sep 22 2018 20:23:12 GMT+0200 (GMT+02:00): GET /favicon.ico
Sat Sep 22 2018 20:23:12 GMT+0200 (GMT+02:00): GET /favicon.ico
Sat Sep 22 2018 20:23:12 GMT+0200 (GMT+02:00): GET /favicon.ico
Sat Sep 22 2018 20:23:12 GMT+0200 (GMT+02:00): GET /favicon.ico
Sat Sep 22 2018 20:23:17 GMT+0200 (GMT+02:00): GET /favicon.ico
Sat Sep 22 2018 20:24:10 GMT+0200 (GMT+02:00): GET /react
Sat Sep 22 2018 20:24:10 GMT+0200 (GMT+02:00): GET /favicon.ico
Sat Sep 22 2018 20:24:10 GMT+0200 (GMT+02:00): GET /app.js
Sat Sep 22 2018 20:24:10 GMT+0200 (GMT+02:00): GET /favicon.ico
Sat Sep 22 2018 20:24:11 GMT+0200 (GMT+02:00): GET /app.js
Sat Sep 22 2018 20:24:11 GMT+0200 (GMT+02:00): GET /favicon.ico
Sat Sep 22 2018 20:24:11 GMT+0200 (GMT+02:00): GET /favicon.ico
Sat Sep 22 2018 20:24:11 GMT+0200 (GMT+02:00): GET /favicon.ico
Sat Sep 22 2018 20:24:11 GMT+0200 (GMT+02:00): GET /favicon.ico
Sat Sep 22 2018 20:24:16 GMT+0200 (GMT+02:00): GET /favicon.ico
Sat Sep 22 2018 20:25:08 GMT+0200 (GMT+02:00): GET /favicon.ico
Sat Sep 22 2018 20:25:08 GMT+0200 (GMT+02:00): GET /favicon.ico
Sat Sep 22 2018 20:25:09 GMT+0200 (GMT+02:00): GET /favicon.ico
Sat Sep 22 2018 20:25:09 GMT+0200 (GMT+02:00): GET /favicon.ico
Sat Sep 22 2018 20:25:09 GMT+0200 (GMT+02:00): GET /favicon.ico
Sat Sep 22 2018 20:25:22 GMT+0200 (GMT+02:00): GET /favicon.ico
Sat Sep 22 2018 20:25:23 GMT+0200 (GMT+02:00): GET /favicon.ico
Sat Sep 22 2018 20:26:07 GMT+0200 (GMT+02:00): GET /react
Sat Sep 22 2018 20:26:07 GMT+0200 (GMT+02:00): GET /favicon.ico
Sat Sep 22 2018 20:26:07 GMT+0200 (GMT+02:00): GET /app.js
Sat Sep 22 2018 20:26:07 GMT+0200 (GMT+02:00): GET /favicon.ico
Sat Sep 22 2018 20:26:08 GMT+0200 (GMT+02:00): GET /favicon.ico
Sat Sep 22 2018 20:26:08 GMT+0200 (GMT+02:00): GET /favicon.ico
Sat Sep 22 2018 20:26:08 GMT+0200 (GMT+02:00): GET /favicon.ico
Sat Sep 22 2018 20:26:13 GMT+0200 (GMT+02:00): GET /favicon.ico
Sat Sep 22 2018 20:26:48 GMT+0200 (GMT+02:00): GET /react
Sat Sep 22 2018 20:26:48 GMT+0200 (GMT+02:00): GET /favicon.ico
Sat Sep 22 2018 20:26:49 GMT+0200 (GMT+02:00): GET /app.js
Sat Sep 22 2018 20:26:49 GMT+0200 (GMT+02:00): GET /favicon.ico
Sat Sep 22 2018 20:26:49 GMT+0200 (GMT+02:00): GET /favicon.ico
Sat Sep 22 2018 20:26:49 GMT+0200 (GMT+02:00): GET /favicon.ico
Sat Sep 22 2018 20:26:49 GMT+0200 (GMT+02:00): GET /favicon.ico
Sat Sep 22 2018 20:26:54 GMT+0200 (GMT+02:00): GET /favicon.ico
Sat Sep 22 2018 20:28:09 GMT+0200 (GMT+02:00): GET /react
Sat Sep 22 2018 20:28:09 GMT+0200 (GMT+02:00): GET /favicon.ico
Sat Sep 22 2018 20:28:09 GMT+0200 (GMT+02:00): GET /favicon.ico
Sat Sep 22 2018 20:28:09 GMT+0200 (GMT+02:00): GET /favicon.ico
Sat Sep 22 2018 20:28:09 GMT+0200 (GMT+02:00): GET /favicon.ico
Sat Sep 22 2018 20:28:14 GMT+0200 (GMT+02:00): GET /favicon.ico
Sat Sep 22 2018 20:28:52 GMT+0200 (GMT+02:00): GET /react
Sat Sep 22 2018 20:28:52 GMT+0200 (GMT+02:00): GET /favicon.ico
Sat Sep 22 2018 20:28:52 GMT+0200 (GMT+02:00): GET /app.js
Sat Sep 22 2018 20:28:52 GMT+0200 (GMT+02:00): GET /favicon.ico
Sat Sep 22 2018 20:28:52 GMT+0200 (GMT+02:00): GET /favicon.ico
Sat Sep 22 2018 20:28:52 GMT+0200 (GMT+02:00): GET /app.js
Sat Sep 22 2018 20:28:52 GMT+0200 (GMT+02:00): GET /favicon.ico
Sat Sep 22 2018 20:28:52 GMT+0200 (GMT+02:00): GET /favicon.ico
Sat Sep 22 2018 20:28:57 GMT+0200 (GMT+02:00): GET /favicon.ico
Sat Sep 22 2018 20:29:25 GMT+0200 (GMT+02:00): GET /react
Sat Sep 22 2018 20:29:25 GMT+0200 (GMT+02:00): GET /favicon.ico
Sat Sep 22 2018 20:29:25 GMT+0200 (GMT+02:00): GET /app.js
Sat Sep 22 2018 20:29:25 GMT+0200 (GMT+02:00): GET /favicon.ico
Sat Sep 22 2018 20:29:25 GMT+0200 (GMT+02:00): GET /favicon.ico
Sat Sep 22 2018 20:29:25 GMT+0200 (GMT+02:00): GET /favicon.ico
Sat Sep 22 2018 20:29:25 GMT+0200 (GMT+02:00): GET /favicon.ico
Sat Sep 22 2018 20:29:30 GMT+0200 (GMT+02:00): GET /favicon.ico
Sat Sep 22 2018 20:30:17 GMT+0200 (GMT+02:00): GET /react
Sat Sep 22 2018 20:30:17 GMT+0200 (GMT+02:00): GET /favicon.ico
Sat Sep 22 2018 20:30:17 GMT+0200 (GMT+02:00): GET /app.js
Sat Sep 22 2018 20:30:17 GMT+0200 (GMT+02:00): GET /favicon.ico
Sat Sep 22 2018 20:30:17 GMT+0200 (GMT+02:00): GET /favicon.ico
Sat Sep 22 2018 20:30:17 GMT+0200 (GMT+02:00): GET /favicon.ico
Sat Sep 22 2018 20:30:17 GMT+0200 (GMT+02:00): GET /favicon.ico
Sat Sep 22 2018 20:30:22 GMT+0200 (GMT+02:00): GET /favicon.ico
Sat Sep 22 2018 20:30:42 GMT+0200 (GMT+02:00): GET /favicon.ico
Sat Sep 22 2018 20:30:43 GMT+0200 (GMT+02:00): GET /favicon.ico
Sat Sep 22 2018 20:30:44 GMT+0200 (GMT+02:00): GET /favicon.ico
Sat Sep 22 2018 20:30:44 GMT+0200 (GMT+02:00): GET /favicon.ico
Sat Sep 22 2018 20:30:44 GMT+0200 (GMT+02:00): GET /favicon.ico
Sat Sep 22 2018 20:30:44 GMT+0200 (GMT+02:00): GET /favicon.ico
Sat Sep 22 2018 20:30:45 GMT+0200 (GMT+02:00): GET /favicon.ico
Sat Sep 22 2018 20:30:45 GMT+0200 (GMT+02:00): GET /favicon.ico
Sat Sep 22 2018 20:32:19 GMT+0200 (GMT+02:00): GET /
Sat Sep 22 2018 20:32:19 GMT+0200 (GMT+02:00): GET /favicon.ico
Sat Sep 22 2018 20:32:31 GMT+0200 (GMT+02:00): GET /react
Sat Sep 22 2018 20:32:31 GMT+0200 (GMT+02:00): GET /app.js
Sat Sep 22 2018 20:32:31 GMT+0200 (GMT+02:00): GET /app.js
Sat Sep 22 2018 20:32:31 GMT+0200 (GMT+02:00): GET /favicon.ico
Sat Sep 22 2018 20:33:20 GMT+0200 (GMT+02:00): GET /react
Sat Sep 22 2018 20:33:20 GMT+0200 (GMT+02:00): GET /app.js
Sat Sep 22 2018 20:33:20 GMT+0200 (GMT+02:00): GET /app.js
Sat Sep 22 2018 20:33:20 GMT+0200 (GMT+02:00): GET /favicon.ico
Sat Sep 22 2018 20:33:32 GMT+0200 (GMT+02:00): GET /react
Sat Sep 22 2018 20:33:32 GMT+0200 (GMT+02:00): GET /app.js
Sat Sep 22 2018 20:33:33 GMT+0200 (GMT+02:00): GET /app.js
Sat Sep 22 2018 20:33:33 GMT+0200 (GMT+02:00): GET /favicon.ico
Sat Sep 22 2018 20:34:00 GMT+0200 (GMT+02:00): GET /react
Sat Sep 22 2018 20:34:01 GMT+0200 (GMT+02:00): GET /js/app.js
Sat Sep 22 2018 20:34:01 GMT+0200 (GMT+02:00): GET /favicon.ico
Sat Sep 22 2018 20:34:12 GMT+0200 (GMT+02:00): GET /react
Sat Sep 22 2018 20:34:12 GMT+0200 (GMT+02:00): GET /favicon.ico
Sat Sep 22 2018 20:34:12 GMT+0200 (GMT+02:00): GET /js/app.js
Sat Sep 22 2018 20:34:12 GMT+0200 (GMT+02:00): GET /favicon.ico
Sat Sep 22 2018 20:34:12 GMT+0200 (GMT+02:00): GET /js/app.js.map
Sat Sep 22 2018 20:34:12 GMT+0200 (GMT+02:00): GET /favicon.ico
Sat Sep 22 2018 20:34:12 GMT+0200 (GMT+02:00): GET /favicon.ico
Sat Sep 22 2018 20:34:17 GMT+0200 (GMT+02:00): GET /favicon.ico
Sat Sep 22 2018 20:34:44 GMT+0200 (GMT+02:00): GET /react
Sat Sep 22 2018 20:34:44 GMT+0200 (GMT+02:00): GET /favicon.ico
Sat Sep 22 2018 20:34:44 GMT+0200 (GMT+02:00): GET /js/app.js
Sat Sep 22 2018 20:34:44 GMT+0200 (GMT+02:00): GET /favicon.ico
Sat Sep 22 2018 20:34:45 GMT+0200 (GMT+02:00): GET /js/app.js.map
Sat Sep 22 2018 20:34:45 GMT+0200 (GMT+02:00): GET /favicon.ico
Sat Sep 22 2018 20:34:45 GMT+0200 (GMT+02:00): GET /favicon.ico
Sat Sep 22 2018 20:34:50 GMT+0200 (GMT+02:00): GET /favicon.ico
Sat Sep 22 2018 20:37:51 GMT+0200 (GMT+02:00): GET /favicon.ico
Sat Sep 22 2018 20:37:51 GMT+0200 (GMT+02:00): GET /
Sat Sep 22 2018 20:37:51 GMT+0200 (GMT+02:00): GET /favicon.ico
Sat Sep 22 2018 20:37:51 GMT+0200 (GMT+02:00): GET /favicon.ico
Sat Sep 22 2018 20:37:51 GMT+0200 (GMT+02:00): GET /favicon.ico
Sat Sep 22 2018 20:37:52 GMT+0200 (GMT+02:00): GET /favicon.ico
Sat Sep 22 2018 20:37:55 GMT+0200 (GMT+02:00): GET /
Sat Sep 22 2018 20:37:55 GMT+0200 (GMT+02:00): GET /favicon.ico
Sat Sep 22 2018 20:37:55 GMT+0200 (GMT+02:00): GET /favicon.ico
Sat Sep 22 2018 20:37:55 GMT+0200 (GMT+02:00): GET /favicon.ico
Sat Sep 22 2018 20:37:55 GMT+0200 (GMT+02:00): GET /favicon.ico
Sat Sep 22 2018 20:37:56 GMT+0200 (GMT+02:00): GET /favicon.ico
Sat Sep 22 2018 20:37:56 GMT+0200 (GMT+02:00): GET /about
Sat Sep 22 2018 20:37:57 GMT+0200 (GMT+02:00): GET /favicon.ico
Sat Sep 22 2018 20:37:57 GMT+0200 (GMT+02:00): GET /favicon.ico
Sat Sep 22 2018 20:37:57 GMT+0200 (GMT+02:00): GET /favicon.ico
Sat Sep 22 2018 20:38:00 GMT+0200 (GMT+02:00): GET /favicon.ico
Sat Sep 22 2018 20:38:02 GMT+0200 (GMT+02:00): GET /favicon.ico
Sat Sep 22 2018 22:45:59 GMT+0200 (GMT+02:00): GET /about
Sat Sep 22 2018 22:45:59 GMT+0200 (GMT+02:00): GET /favicon.ico
Sat Sep 22 2018 22:45:59 GMT+0200 (GMT+02:00): GET /favicon.ico
Sat Sep 22 2018 22:45:59 GMT+0200 (GMT+02:00): GET /favicon.ico
Sat Sep 22 2018 22:45:59 GMT+0200 (GMT+02:00): GET /favicon.ico
Sat Sep 22 2018 22:46:00 GMT+0200 (GMT+02:00): GET /favicon.ico
Sat Sep 22 2018 22:46:00 GMT+0200 (GMT+02:00): GET /favicon.ico
Sat Sep 22 2018 22:46:00 GMT+0200 (GMT+02:00): GET /favicon.ico
Sat Sep 22 2018 22:46:03 GMT+0200 (GMT+02:00): GET /react
Sat Sep 22 2018 22:46:03 GMT+0200 (GMT+02:00): GET /favicon.ico
Sat Sep 22 2018 22:46:03 GMT+0200 (GMT+02:00): GET /js/app.js
Sat Sep 22 2018 22:46:03 GMT+0200 (GMT+02:00): GET /favicon.ico
Sat Sep 22 2018 22:46:03 GMT+0200 (GMT+02:00): GET /favicon.ico
Sat Sep 22 2018 22:46:03 GMT+0200 (GMT+02:00): GET /favicon.ico
Sat Sep 22 2018 22:46:05 GMT+0200 (GMT+02:00): GET /favicon.ico
Sat Sep 22 2018 22:46:08 GMT+0200 (GMT+02:00): GET /favicon.ico
